73254.104917329 [MEMLOG_E_S1_RUN]	diff = 0.000000000
73254.136064776 [MEMLOG_E_WCET_START]	diff = 0.031147447
73254.137020551 [MEMLOG_E_S1_DONE]	diff = 0.000955775
73254.137021280 [MEMLOG_E_S1_RUN]	diff = 0.000000729
73254.167962791 [MEMLOG_E_WCET_START]	diff = 0.030941511
73254.168855337 [MEMLOG_E_S1_DONE]	diff = 0.000892546
73254.168855702 [MEMLOG_E_S1_RUN]	diff = 0.000000365
73254.203951768 [MEMLOG_E_WCET_START]	diff = 0.035096066
73254.204866970 [MEMLOG_E_S1_DONE]	diff = 0.000915202
73254.204867543 [MEMLOG_E_S1_RUN]	diff = 0.000000573
73254.236018011 [MEMLOG_E_WCET_START]	diff = 0.031150468
73254.236928890 [MEMLOG_E_S1_DONE]	diff = 0.000910879
73254.236929255 [MEMLOG_E_S1_RUN]	diff = 0.000000365
73254.267969672 [MEMLOG_E_WCET_START]	diff = 0.031040417
73254.268864301 [MEMLOG_E_S1_DONE]	diff = 0.000894629
73254.268864822 [MEMLOG_E_S1_RUN]	diff = 0.000000521
73254.300111643 [MEMLOG_E_WCET_START]	diff = 0.031246821
73254.301011741 [MEMLOG_E_S1_DONE]	diff = 0.000900098
73254.301012158 [MEMLOG_E_S1_RUN]	diff = 0.000000417
73254.335978694 [MEMLOG_E_WCET_START]	diff = 0.034966536
73254.336876396 [MEMLOG_E_S1_DONE]	diff = 0.000897702
73254.336876969 [MEMLOG_E_S1_RUN]	diff = 0.000000573
73254.367974781 [MEMLOG_E_WCET_START]	diff = 0.031097812
73254.368900244 [MEMLOG_E_S1_DONE]	diff = 0.000925463
73254.368900764 [MEMLOG_E_S1_RUN]	diff = 0.000000520
73254.400067534 [MEMLOG_E_WCET_START]	diff = 0.031166770
73254.400973518 [MEMLOG_E_S1_DONE]	diff = 0.000905984
73254.400974039 [MEMLOG_E_S1_RUN]	diff = 0.000000521
73254.435989376 [MEMLOG_E_WCET_START]	diff = 0.035015337
73254.436905672 [MEMLOG_E_S1_DONE]	diff = 0.000916296
73254.436906037 [MEMLOG_E_S1_RUN]	diff = 0.000000365
73254.467971870 [MEMLOG_E_WCET_START]	diff = 0.031065833
73254.468892749 [MEMLOG_E_S1_DONE]	diff = 0.000920879
73254.468893114 [MEMLOG_E_S1_RUN]	diff = 0.000000365
73254.500076758 [MEMLOG_E_WCET_START]	diff = 0.031183644
73254.500988627 [MEMLOG_E_S1_DONE]	diff = 0.000911869
73254.500989148 [MEMLOG_E_S1_RUN]	diff = 0.000000521
73254.535966726 [MEMLOG_E_WCET_START]	diff = 0.034977578
73254.536902657 [MEMLOG_E_S1_DONE]	diff = 0.000935931
73254.536903334 [MEMLOG_E_S1_RUN]	diff = 0.000000677
73254.568060937 [MEMLOG_E_WCET_START]	diff = 0.031157603
73254.568981764 [MEMLOG_E_S1_DONE]	diff = 0.000920827
73254.568982285 [MEMLOG_E_S1_RUN]	diff = 0.000000521
73254.600057649 [MEMLOG_E_WCET_START]	diff = 0.031075364
73254.600964154 [MEMLOG_E_S1_DONE]	diff = 0.000906505
73254.600964779 [MEMLOG_E_S1_RUN]	diff = 0.000000625
73254.635981627 [MEMLOG_E_WCET_START]	diff = 0.035016848
73254.636862506 [MEMLOG_E_S1_DONE]	diff = 0.000880879
73254.636862871 [MEMLOG_E_S1_RUN]	diff = 0.000000365
73254.668044172 [MEMLOG_E_WCET_START]	diff = 0.031181301
73254.668944999 [MEMLOG_E_S1_DONE]	diff = 0.000900827
73254.668945676 [MEMLOG_E_S1_RUN]	diff = 0.000000677
73254.700092915 [MEMLOG_E_WCET_START]	diff = 0.031147239
73254.700987544 [MEMLOG_E_S1_DONE]	diff = 0.000894629
73254.700987909 [MEMLOG_E_S1_RUN]	diff = 0.000000365
73254.735981580 [MEMLOG_E_WCET_START]	diff = 0.034993671
73254.736902876 [MEMLOG_E_S1_DONE]	diff = 0.000921296
73254.736903397 [MEMLOG_E_S1_RUN]	diff = 0.000000521
73254.767978709 [MEMLOG_E_WCET_START]	diff = 0.031075312
73254.768879120 [MEMLOG_E_S1_DONE]	diff = 0.000900411
73254.768879693 [MEMLOG_E_S1_RUN]	diff = 0.000000573
73254.800054327 [MEMLOG_E_WCET_START]	diff = 0.031174634
73254.800963487 [MEMLOG_E_S1_DONE]	diff = 0.000909160
73254.800964008 [MEMLOG_E_S1_RUN]	diff = 0.000000521
73254.835953304 [MEMLOG_E_WCET_START]	diff = 0.034989296
73254.836897881 [MEMLOG_E_S1_DONE]	diff = 0.000944577
73254.836898246 [MEMLOG_E_S1_RUN]	diff = 0.000000365
73254.867979183 [MEMLOG_E_WCET_START]	diff = 0.031080937
73254.868872927 [MEMLOG_E_S1_DONE]	diff = 0.000893744
73254.868873240 [MEMLOG_E_S1_RUN]	diff = 0.000000313
73254.900105530 [MEMLOG_E_WCET_START]	diff = 0.031232290
73254.901019638 [MEMLOG_E_S1_DONE]	diff = 0.000914108
73254.901020211 [MEMLOG_E_S1_RUN]	diff = 0.000000573
73254.935980393 [MEMLOG_E_WCET_START]	diff = 0.034960182
73254.936923824 [MEMLOG_E_S1_DONE]	diff = 0.000943431
73254.936924501 [MEMLOG_E_S1_RUN]	diff = 0.000000677
73254.967979189 [MEMLOG_E_WCET_START]	diff = 0.031054688
73254.968996421 [MEMLOG_E_S1_DONE]	diff = 0.001017232
73254.968996994 [MEMLOG_E_S1_RUN]	diff = 0.000000573
73255.000150118 [MEMLOG_E_WCET_START]	diff = 0.031153124
73255.001054748 [MEMLOG_E_S1_DONE]	diff = 0.000904630
73255.001055321 [MEMLOG_E_S1_RUN]	diff = 0.000000573
73255.035994669 [MEMLOG_E_WCET_START]	diff = 0.034939348
73255.036928465 [MEMLOG_E_S1_DONE]	diff = 0.000933796
73255.036928778 [MEMLOG_E_S1_RUN]	diff = 0.000000313
73255.067967892 [MEMLOG_E_WCET_START]	diff = 0.031039114
73255.068876636 [MEMLOG_E_S1_DONE]	diff = 0.000908744
73255.068877000 [MEMLOG_E_S1_RUN]	diff = 0.000000364
73255.100162155 [MEMLOG_E_WCET_START]	diff = 0.031285155
73255.101085430 [MEMLOG_E_S1_DONE]	diff = 0.000923275
73255.101086107 [MEMLOG_E_S1_RUN]	diff = 0.000000677
73255.135999362 [MEMLOG_E_WCET_START]	diff = 0.034913255
73255.136945606 [MEMLOG_E_S1_DONE]	diff = 0.000946244
73255.136945970 [MEMLOG_E_S1_RUN]	diff = 0.000000364
73255.167944356 [MEMLOG_E_WCET_START]	diff = 0.030998386
73255.168847839 [MEMLOG_E_S1_DONE]	diff = 0.000903483
73255.168848204 [MEMLOG_E_S1_RUN]	diff = 0.000000365
73255.200074661 [MEMLOG_E_WCET_START]	diff = 0.031226457
73255.200985280 [MEMLOG_E_S1_DONE]	diff = 0.000910619
73255.200985905 [MEMLOG_E_S1_RUN]	diff = 0.000000625
73255.235972857 [MEMLOG_E_WCET_START]	diff = 0.034986952
73255.236888476 [MEMLOG_E_S1_DONE]	diff = 0.000915619
73255.236888841 [MEMLOG_E_S1_RUN]	diff = 0.000000365
73255.267959309 [MEMLOG_E_WCET_START]	diff = 0.031070468
73255.268852324 [MEMLOG_E_S1_DONE]	diff = 0.000893015
73255.268852897 [MEMLOG_E_S1_RUN]	diff = 0.000000573
73255.300067479 [MEMLOG_E_WCET_START]	diff = 0.031214582
73255.300958462 [MEMLOG_E_S1_DONE]	diff = 0.000890983
73255.300958931 [MEMLOG_E_S1_RUN]	diff = 0.000000469
73255.335957290 [MEMLOG_E_WCET_START]	diff = 0.034998359
73255.336885409 [MEMLOG_E_S1_DONE]	diff = 0.000928119
73255.336886034 [MEMLOG_E_S1_RUN]	diff = 0.000000625
73255.367993637 [MEMLOG_E_WCET_START]	diff = 0.031107603
73255.368917902 [MEMLOG_E_S1_DONE]	diff = 0.000924265
73255.368918423 [MEMLOG_E_S1_RUN]	diff = 0.000000521
73255.400066443 [MEMLOG_E_WCET_START]	diff = 0.031148020
73255.400993363 [MEMLOG_E_S1_DONE]	diff = 0.000926920
73255.400993884 [MEMLOG_E_S1_RUN]	diff = 0.000000521
73255.435975003 [MEMLOG_E_WCET_START]	diff = 0.034981119
73255.436894893 [MEMLOG_E_S1_DONE]	diff = 0.000919890
73255.436895258 [MEMLOG_E_S1_RUN]	diff = 0.000000365
73255.467966559 [MEMLOG_E_WCET_START]	diff = 0.031071301
73255.468881032 [MEMLOG_E_S1_DONE]	diff = 0.000914473
73255.468881397 [MEMLOG_E_S1_RUN]	diff = 0.000000365
73255.499965719 [MEMLOG_E_WCET_START]	diff = 0.031084322
73255.500960192 [MEMLOG_E_S1_DONE]	diff = 0.000994473
73255.500960921 [MEMLOG_E_S1_RUN]	diff = 0.000000729
73255.535960634 [MEMLOG_E_WCET_START]	diff = 0.034999713
73255.536868492 [MEMLOG_E_S1_DONE]	diff = 0.000907858
73255.536868857 [MEMLOG_E_S1_RUN]	diff = 0.000000365
73255.567968596 [MEMLOG_E_WCET_START]	diff = 0.031099739
73255.568873538 [MEMLOG_E_S1_DONE]	diff = 0.000904942
73255.568873902 [MEMLOG_E_S1_RUN]	diff = 0.000000364
73255.599989527 [MEMLOG_E_WCET_START]	diff = 0.031115625
73255.600954520 [MEMLOG_E_S1_DONE]	diff = 0.000964993
73255.600955354 [MEMLOG_E_S1_RUN]	diff = 0.000000834
73255.635945014 [MEMLOG_E_WCET_START]	diff = 0.034989660
73255.636862040 [MEMLOG_E_S1_DONE]	diff = 0.000917026
73255.636862404 [MEMLOG_E_S1_RUN]	diff = 0.000000364
73255.667944591 [MEMLOG_E_WCET_START]	diff = 0.031082187
73255.668846981 [MEMLOG_E_S1_DONE]	diff = 0.000902390
73255.668847450 [MEMLOG_E_S1_RUN]	diff = 0.000000469
73255.699957918 [MEMLOG_E_WCET_START]	diff = 0.031110468
73255.700897703 [MEMLOG_E_S1_DONE]	diff = 0.000939785
73255.700898641 [MEMLOG_E_S1_RUN]	diff = 0.000000938
73255.736034759 [MEMLOG_E_WCET_START]	diff = 0.035136118
73255.736973346 [MEMLOG_E_S1_DONE]	diff = 0.000938587
73255.736973971 [MEMLOG_E_S1_RUN]	diff = 0.000000625
73255.767972565 [MEMLOG_E_WCET_START]	diff = 0.030998594
73255.768885424 [MEMLOG_E_S1_DONE]	diff = 0.000912859
73255.768885892 [MEMLOG_E_S1_RUN]	diff = 0.000000468
73255.799961725 [MEMLOG_E_WCET_START]	diff = 0.031075833
73255.800962500 [MEMLOG_E_S1_DONE]	diff = 0.001000775
73255.800963333 [MEMLOG_E_S1_RUN]	diff = 0.000000833
73255.836030858 [MEMLOG_E_WCET_START]	diff = 0.035067525
73255.836929081 [MEMLOG_E_S1_DONE]	diff = 0.000898223
73255.836929498 [MEMLOG_E_S1_RUN]	diff = 0.000000417
73255.867972727 [MEMLOG_E_WCET_START]	diff = 0.031043229
73255.868875064 [MEMLOG_E_S1_DONE]	diff = 0.000902337
73255.868875429 [MEMLOG_E_S1_RUN]	diff = 0.000000365
73255.899975949 [MEMLOG_E_WCET_START]	diff = 0.031100520
73255.900977349 [MEMLOG_E_S1_DONE]	diff = 0.001001400
73255.900978078 [MEMLOG_E_S1_RUN]	diff = 0.000000729
73255.936044249 [MEMLOG_E_WCET_START]	diff = 0.035066171
73255.936976899 [MEMLOG_E_S1_DONE]	diff = 0.000932650
73255.936977263 [MEMLOG_E_S1_RUN]	diff = 0.000000364
73255.967975076 [MEMLOG_E_WCET_START]	diff = 0.030997813
73255.968885122 [MEMLOG_E_S1_DONE]	diff = 0.000910046
73255.968885486 [MEMLOG_E_S1_RUN]	diff = 0.000000364
73255.999935278 [MEMLOG_E_WCET_START]	diff = 0.031049792
73256.000902042 [MEMLOG_E_S1_DONE]	diff = 0.000966764
73256.000902771 [MEMLOG_E_S1_RUN]	diff = 0.000000729
73256.035971338 [MEMLOG_E_WCET_START]	diff = 0.035068567
73256.036926384 [MEMLOG_E_S1_DONE]	diff = 0.000955046
73256.036927113 [MEMLOG_E_S1_RUN]	diff = 0.000000729
73256.067945342 [MEMLOG_E_WCET_START]	diff = 0.031018229
73256.068840909 [MEMLOG_E_S1_DONE]	diff = 0.000895567
73256.068841430 [MEMLOG_E_S1_RUN]	diff = 0.000000521
73256.099956273 [MEMLOG_E_WCET_START]	diff = 0.031114843
73256.101024807 [MEMLOG_E_S1_DONE]	diff = 0.001068534
73256.101025745 [MEMLOG_E_S1_RUN]	diff = 0.000000938
73256.135970666 [MEMLOG_E_WCET_START]	diff = 0.034944921
73256.136963941 [MEMLOG_E_S1_DONE]	diff = 0.000993275
73256.136964878 [MEMLOG_E_S1_RUN]	diff = 0.000000937
73256.167973368 [MEMLOG_E_WCET_START]	diff = 0.031008490
73256.168902164 [MEMLOG_E_S1_DONE]	diff = 0.000928796
73256.168902893 [MEMLOG_E_S1_RUN]	diff = 0.000000729
73256.199939976 [MEMLOG_E_WCET_START]	diff = 0.031037083
73256.200928563 [MEMLOG_E_S1_DONE]	diff = 0.000988587
73256.200929136 [MEMLOG_E_S1_RUN]	diff = 0.000000573
73256.235986401 [MEMLOG_E_WCET_START]	diff = 0.035057265
73256.236909728 [MEMLOG_E_S1_DONE]	diff = 0.000923327
73256.236910092 [MEMLOG_E_S1_RUN]	diff = 0.000000364
73256.267941967 [MEMLOG_E_WCET_START]	diff = 0.031031875
73256.268836857 [MEMLOG_E_S1_DONE]	diff = 0.000894890
73256.268837378 [MEMLOG_E_S1_RUN]	diff = 0.000000521
73256.299908159 [MEMLOG_E_WCET_START]	diff = 0.031070781
73256.300858986 [MEMLOG_E_S1_DONE]	diff = 0.000950827
73256.300859663 [MEMLOG_E_S1_RUN]	diff = 0.000000677
73256.335951875 [MEMLOG_E_WCET_START]	diff = 0.035092212
73256.336837911 [MEMLOG_E_S1_DONE]	diff = 0.000886036
73256.336838588 [MEMLOG_E_S1_RUN]	diff = 0.000000677
73256.368018691 [MEMLOG_E_WCET_START]	diff = 0.031180103
73256.368913893 [MEMLOG_E_S1_DONE]	diff = 0.000895202
73256.368914518 [MEMLOG_E_S1_RUN]	diff = 0.000000625
73256.399937956 [MEMLOG_E_WCET_START]	diff = 0.031023438
73256.400915449 [MEMLOG_E_S1_DONE]	diff = 0.000977493
73256.400916022 [MEMLOG_E_S1_RUN]	diff = 0.000000573
73256.435999432 [MEMLOG_E_WCET_START]	diff = 0.035083410
73256.436927238 [MEMLOG_E_S1_DONE]	diff = 0.000927806
73256.436927759 [MEMLOG_E_S1_RUN]	diff = 0.000000521
73256.468001196 [MEMLOG_E_WCET_START]	diff = 0.031073437
73256.468898274 [MEMLOG_E_S1_DONE]	diff = 0.000897078
73256.468898638 [MEMLOG_E_S1_RUN]	diff = 0.000000364
73256.499915409 [MEMLOG_E_WCET_START]	diff = 0.031016771
73256.500874153 [MEMLOG_E_S1_DONE]	diff = 0.000958744
73256.500874830 [MEMLOG_E_S1_RUN]	diff = 0.000000677
73256.535969386 [MEMLOG_E_WCET_START]	diff = 0.035094556
73256.536914327 [MEMLOG_E_S1_DONE]	diff = 0.000944941
73256.536914900 [MEMLOG_E_S1_RUN]	diff = 0.000000573
73256.568043962 [MEMLOG_E_WCET_START]	diff = 0.031129062
73256.568978904 [MEMLOG_E_S1_DONE]	diff = 0.000934942
73256.568979529 [MEMLOG_E_S1_RUN]	diff = 0.000000625
73256.599915727 [MEMLOG_E_WCET_START]	diff = 0.030936198
73256.600907075 [MEMLOG_E_S1_DONE]	diff = 0.000991348
73256.600907908 [MEMLOG_E_S1_RUN]	diff = 0.000000833
73256.635955745 [MEMLOG_E_WCET_START]	diff = 0.035047837
73256.636847666 [MEMLOG_E_S1_DONE]	diff = 0.000891921
73256.636848344 [MEMLOG_E_S1_RUN]	diff = 0.000000678
73256.667969905 [MEMLOG_E_WCET_START]	diff = 0.031121561
73256.668884066 [MEMLOG_E_S1_DONE]	diff = 0.000914161
73256.668884430 [MEMLOG_E_S1_RUN]	diff = 0.000000364
73256.699930107 [MEMLOG_E_WCET_START]	diff = 0.031045677
73256.700871351 [MEMLOG_E_S1_DONE]	diff = 0.000941244
73256.700872236 [MEMLOG_E_S1_RUN]	diff = 0.000000885
73256.735972001 [MEMLOG_E_WCET_START]	diff = 0.035099765
73256.736857932 [MEMLOG_E_S1_DONE]	diff = 0.000885931
73256.736858557 [MEMLOG_E_S1_RUN]	diff = 0.000000625
73256.767966317 [MEMLOG_E_WCET_START]	diff = 0.031107760
73256.768872040 [MEMLOG_E_S1_DONE]	diff = 0.000905723
73256.768872353 [MEMLOG_E_S1_RUN]	diff = 0.000000313
73256.799939331 [MEMLOG_E_WCET_START]	diff = 0.031066978
73256.800901721 [MEMLOG_E_S1_DONE]	diff = 0.000962390
73256.800902346 [MEMLOG_E_S1_RUN]	diff = 0.000000625
73256.835964037 [MEMLOG_E_WCET_START]	diff = 0.035061691
73256.836909552 [MEMLOG_E_S1_DONE]	diff = 0.000945515
73256.836909968 [MEMLOG_E_S1_RUN]	diff = 0.000000416
73256.867967052 [MEMLOG_E_WCET_START]	diff = 0.031057084
73256.868870327 [MEMLOG_E_S1_DONE]	diff = 0.000903275
73256.868870900 [MEMLOG_E_S1_RUN]	diff = 0.000000573
73256.899955951 [MEMLOG_E_WCET_START]	diff = 0.031085051
73256.900893862 [MEMLOG_E_S1_DONE]	diff = 0.000937911
73256.900894591 [MEMLOG_E_S1_RUN]	diff = 0.000000729
73256.935989563 [MEMLOG_E_WCET_START]	diff = 0.035094972
73256.936939244 [MEMLOG_E_S1_DONE]	diff = 0.000949681
73256.936941797 [MEMLOG_E_S1_RUN]	diff = 0.000002553
73256.967954036 [MEMLOG_E_WCET_START]	diff = 0.031012239
73256.968882415 [MEMLOG_E_S1_DONE]	diff = 0.000928379
73256.968883040 [MEMLOG_E_S1_RUN]	diff = 0.000000625
73257.000119237 [MEMLOG_E_WCET_START]	diff = 0.031236197
73257.001018502 [MEMLOG_E_S1_DONE]	diff = 0.000899265
73257.001019179 [MEMLOG_E_S1_RUN]	diff = 0.000000677
73257.035935611 [MEMLOG_E_WCET_START]	diff = 0.034916432
73257.036865448 [MEMLOG_E_S1_DONE]	diff = 0.000929837
73257.036865865 [MEMLOG_E_S1_RUN]	diff = 0.000000417
73257.067966489 [MEMLOG_E_WCET_START]	diff = 0.031100624
73257.068876848 [MEMLOG_E_S1_DONE]	diff = 0.000910359
73257.068877264 [MEMLOG_E_S1_RUN]	diff = 0.000000416
73257.099999243 [MEMLOG_E_WCET_START]	diff = 0.031121979
73257.101069757 [MEMLOG_E_S1_DONE]	diff = 0.001070514
73257.101070486 [MEMLOG_E_S1_RUN]	diff = 0.000000729
73257.135943637 [MEMLOG_E_WCET_START]	diff = 0.034873151
73257.136890766 [MEMLOG_E_S1_DONE]	diff = 0.000947129
73257.136891183 [MEMLOG_E_S1_RUN]	diff = 0.000000417
73257.168005036 [MEMLOG_E_WCET_START]	diff = 0.031113853
73257.168918988 [MEMLOG_E_S1_DONE]	diff = 0.000913952
73257.168919353 [MEMLOG_E_S1_RUN]	diff = 0.000000365
73257.199956384 [MEMLOG_E_WCET_START]	diff = 0.031037031
73257.200930596 [MEMLOG_E_S1_DONE]	diff = 0.000974212
73257.200931377 [MEMLOG_E_S1_RUN]	diff = 0.000000781
73257.235975048 [MEMLOG_E_WCET_START]	diff = 0.035043671
73257.236886188 [MEMLOG_E_S1_DONE]	diff = 0.000911140
73257.236886605 [MEMLOG_E_S1_RUN]	diff = 0.000000417
73257.267965563 [MEMLOG_E_WCET_START]	diff = 0.031078958
73257.268888577 [MEMLOG_E_S1_DONE]	diff = 0.000923014
73257.268889150 [MEMLOG_E_S1_RUN]	diff = 0.000000573
73257.299948785 [MEMLOG_E_WCET_START]	diff = 0.031059635
73257.300906696 [MEMLOG_E_S1_DONE]	diff = 0.000957911
73257.300907373 [MEMLOG_E_S1_RUN]	diff = 0.000000677
73257.335939481 [MEMLOG_E_WCET_START]	diff = 0.035032108
73257.336854371 [MEMLOG_E_S1_DONE]	diff = 0.000914890
73257.336855048 [MEMLOG_E_S1_RUN]	diff = 0.000000677
73257.367968224 [MEMLOG_E_WCET_START]	diff = 0.031113176
73257.368905353 [MEMLOG_E_S1_DONE]	diff = 0.000937129
73257.368905978 [MEMLOG_E_S1_RUN]	diff = 0.000000625
73257.399985978 [MEMLOG_E_WCET_START]	diff = 0.031080000
73257.400997638 [MEMLOG_E_S1_DONE]	diff = 0.001011660
73257.400998471 [MEMLOG_E_S1_RUN]	diff = 0.000000833
73257.435981413 [MEMLOG_E_WCET_START]	diff = 0.034982942
73257.436907136 [MEMLOG_E_S1_DONE]	diff = 0.000925723
73257.436907761 [MEMLOG_E_S1_RUN]	diff = 0.000000625
73257.467989948 [MEMLOG_E_WCET_START]	diff = 0.031082187
73257.468907702 [MEMLOG_E_S1_DONE]	diff = 0.000917754
73257.468908067 [MEMLOG_E_S1_RUN]	diff = 0.000000365
73257.499961192 [MEMLOG_E_WCET_START]	diff = 0.031053125
73257.500953060 [MEMLOG_E_S1_DONE]	diff = 0.000991868
73257.500953998 [MEMLOG_E_S1_RUN]	diff = 0.000000938
73257.535995950 [MEMLOG_E_WCET_START]	diff = 0.035041952
73257.536901569 [MEMLOG_E_S1_DONE]	diff = 0.000905619
73257.536901985 [MEMLOG_E_S1_RUN]	diff = 0.000000416
73257.567956829 [MEMLOG_E_WCET_START]	diff = 0.031054844
73257.568867916 [MEMLOG_E_S1_DONE]	diff = 0.000911087
73257.568868489 [MEMLOG_E_S1_RUN]	diff = 0.000000573
73257.599986145 [MEMLOG_E_WCET_START]	diff = 0.031117656
73257.601007232 [MEMLOG_E_S1_DONE]	diff = 0.001021087
73257.601008065 [MEMLOG_E_S1_RUN]	diff = 0.000000833
73257.635953872 [MEMLOG_E_WCET_START]	diff = 0.034945807
73257.636875793 [MEMLOG_E_S1_DONE]	diff = 0.000921921
73257.636876366 [MEMLOG_E_S1_RUN]	diff = 0.000000573
73257.667976938 [MEMLOG_E_WCET_START]	diff = 0.031100572
73257.668902661 [MEMLOG_E_S1_DONE]	diff = 0.000925723
73257.668903234 [MEMLOG_E_S1_RUN]	diff = 0.000000573
73257.699964223 [MEMLOG_E_WCET_START]	diff = 0.031060989
73257.700925154 [MEMLOG_E_S1_DONE]	diff = 0.000960931
73257.700925831 [MEMLOG_E_S1_RUN]	diff = 0.000000677
73257.735959815 [MEMLOG_E_WCET_START]	diff = 0.035033984
73257.736874080 [MEMLOG_E_S1_DONE]	diff = 0.000914265
73257.736874600 [MEMLOG_E_S1_RUN]	diff = 0.000000520
73257.767930590 [MEMLOG_E_WCET_START]	diff = 0.031055990
73257.768870323 [MEMLOG_E_S1_DONE]	diff = 0.000939733
73257.768870844 [MEMLOG_E_S1_RUN]	diff = 0.000000521
73257.799960583 [MEMLOG_E_WCET_START]	diff = 0.031089739
73257.800973389 [MEMLOG_E_S1_DONE]	diff = 0.001012806
73257.800974326 [MEMLOG_E_S1_RUN]	diff = 0.000000937
73257.835951539 [MEMLOG_E_WCET_START]	diff = 0.034977213
73257.836874970 [MEMLOG_E_S1_DONE]	diff = 0.000923431
73257.836875335 [MEMLOG_E_S1_RUN]	diff = 0.000000365
73257.868023147 [MEMLOG_E_WCET_START]	diff = 0.031147812
73257.868921630 [MEMLOG_E_S1_DONE]	diff = 0.000898483
73257.868922099 [MEMLOG_E_S1_RUN]	diff = 0.000000469
73257.899993401 [MEMLOG_E_WCET_START]	diff = 0.031071302
73257.900954436 [MEMLOG_E_S1_DONE]	diff = 0.000961035
73257.900955217 [MEMLOG_E_S1_RUN]	diff = 0.000000781
73257.935960034 [MEMLOG_E_WCET_START]	diff = 0.035004817
73257.936874090 [MEMLOG_E_S1_DONE]	diff = 0.000914056
73257.936874819 [MEMLOG_E_S1_RUN]	diff = 0.000000729
73257.968014454 [MEMLOG_E_WCET_START]	diff = 0.031139635
73257.968910386 [MEMLOG_E_S1_DONE]	diff = 0.000895932
73257.968910750 [MEMLOG_E_S1_RUN]	diff = 0.000000364
73257.999950490 [MEMLOG_E_WCET_START]	diff = 0.031039740
73258.000898348 [MEMLOG_E_S1_DONE]	diff = 0.000947858
73258.000899181 [MEMLOG_E_S1_RUN]	diff = 0.000000833
73258.035963737 [MEMLOG_E_WCET_START]	diff = 0.035064556
73258.036872742 [MEMLOG_E_S1_DONE]	diff = 0.000909005
73258.036873158 [MEMLOG_E_S1_RUN]	diff = 0.000000416
73258.067955137 [MEMLOG_E_WCET_START]	diff = 0.031081979
73258.068867995 [MEMLOG_E_S1_DONE]	diff = 0.000912858
73258.068868516 [MEMLOG_E_S1_RUN]	diff = 0.000000521
73258.099942787 [MEMLOG_E_WCET_START]	diff = 0.031074271
73258.100961009 [MEMLOG_E_S1_DONE]	diff = 0.001018222
73258.100961686 [MEMLOG_E_S1_RUN]	diff = 0.000000677
73258.135965149 [MEMLOG_E_WCET_START]	diff = 0.035003463
73258.136956132 [MEMLOG_E_S1_DONE]	diff = 0.000990983
73258.136956496 [MEMLOG_E_S1_RUN]	diff = 0.000000364
73258.167929934 [MEMLOG_E_WCET_START]	diff = 0.030973438
73258.168843678 [MEMLOG_E_S1_DONE]	diff = 0.000913744
73258.168844355 [MEMLOG_E_S1_RUN]	diff = 0.000000677
73258.200121541 [MEMLOG_E_WCET_START]	diff = 0.031277186
73258.201027628 [MEMLOG_E_S1_DONE]	diff = 0.000906087
73258.201028201 [MEMLOG_E_S1_RUN]	diff = 0.000000573
73258.235979529 [MEMLOG_E_WCET_START]	diff = 0.034951328
73258.236910304 [MEMLOG_E_S1_DONE]	diff = 0.000930775
73258.236910825 [MEMLOG_E_S1_RUN]	diff = 0.000000521
73258.267952856 [MEMLOG_E_WCET_START]	diff = 0.031042031
73258.268846704 [MEMLOG_E_S1_DONE]	diff = 0.000893848
73258.268847485 [MEMLOG_E_S1_RUN]	diff = 0.000000781
73258.299955401 [MEMLOG_E_WCET_START]	diff = 0.031107916
73258.300945395 [MEMLOG_E_S1_DONE]	diff = 0.000989994
73258.300946280 [MEMLOG_E_S1_RUN]	diff = 0.000000885
73258.332075342 [MEMLOG_E_WCET_START]	diff = 0.031129062
73258.332985128 [MEMLOG_E_S1_DONE]	diff = 0.000909786
73258.332985700 [MEMLOG_E_S1_RUN]	diff = 0.000000572
73258.367926976 [MEMLOG_E_WCET_START]	diff = 0.034941276
73258.368851189 [MEMLOG_E_S1_DONE]	diff = 0.000924213
73258.368851918 [MEMLOG_E_S1_RUN]	diff = 0.000000729
73258.399954157 [MEMLOG_E_WCET_START]	diff = 0.031102239
73258.400898161 [MEMLOG_E_S1_DONE]	diff = 0.000944004
73258.400898786 [MEMLOG_E_S1_RUN]	diff = 0.000000625
73258.432022587 [MEMLOG_E_WCET_START]	diff = 0.031123801
73258.432932269 [MEMLOG_E_S1_DONE]	diff = 0.000909682
73258.432932842 [MEMLOG_E_S1_RUN]	diff = 0.000000573
73258.467985367 [MEMLOG_E_WCET_START]	diff = 0.035052525
73258.468902340 [MEMLOG_E_S1_DONE]	diff = 0.000916973
73258.468902965 [MEMLOG_E_S1_RUN]	diff = 0.000000625
73258.499952496 [MEMLOG_E_WCET_START]	diff = 0.031049531
73258.500925302 [MEMLOG_E_S1_DONE]	diff = 0.000972806
73258.500925666 [MEMLOG_E_S1_RUN]	diff = 0.000000364
73258.532038582 [MEMLOG_E_WCET_START]	diff = 0.031112916
73258.532938628 [MEMLOG_E_S1_DONE]	diff = 0.000900046
73258.532938993 [MEMLOG_E_S1_RUN]	diff = 0.000000365
73258.567955789 [MEMLOG_E_WCET_START]	diff = 0.035016796
73258.568901459 [MEMLOG_E_S1_DONE]	diff = 0.000945670
73258.568902293 [MEMLOG_E_S1_RUN]	diff = 0.000000834
73258.599954480 [MEMLOG_E_WCET_START]	diff = 0.031052187
73258.600954734 [MEMLOG_E_S1_DONE]	diff = 0.001000254
73258.600955567 [MEMLOG_E_S1_RUN]	diff = 0.000000833
73258.632001973 [MEMLOG_E_WCET_START]	diff = 0.031046406
73258.632924571 [MEMLOG_E_S1_DONE]	diff = 0.000922598
73258.632925196 [MEMLOG_E_S1_RUN]	diff = 0.000000625
73258.667973190 [MEMLOG_E_WCET_START]	diff = 0.035047994
73258.668878705 [MEMLOG_E_S1_DONE]	diff = 0.000905515
73258.668879069 [MEMLOG_E_S1_RUN]	diff = 0.000000364
73258.699977767 [MEMLOG_E_WCET_START]	diff = 0.031098698
73258.700952812 [MEMLOG_E_S1_DONE]	diff = 0.000975045
73258.700953541 [MEMLOG_E_S1_RUN]	diff = 0.000000729
73258.732065051 [MEMLOG_E_WCET_START]	diff = 0.031111510
73258.732958118 [MEMLOG_E_S1_DONE]	diff = 0.000893067
73258.732958691 [MEMLOG_E_S1_RUN]	diff = 0.000000573
73258.767972049 [MEMLOG_E_WCET_START]	diff = 0.035013358
73258.768855741 [MEMLOG_E_S1_DONE]	diff = 0.000883692
73258.768856314 [MEMLOG_E_S1_RUN]	diff = 0.000000573
73258.799923137 [MEMLOG_E_WCET_START]	diff = 0.031066823
73258.800855526 [MEMLOG_E_S1_DONE]	diff = 0.000932389
73258.800856203 [MEMLOG_E_S1_RUN]	diff = 0.000000677
73258.832006307 [MEMLOG_E_WCET_START]	diff = 0.031150104
73258.832914165 [MEMLOG_E_S1_DONE]	diff = 0.000907858
73258.832914790 [MEMLOG_E_S1_RUN]	diff = 0.000000625
73258.867945492 [MEMLOG_E_WCET_START]	diff = 0.035030702
73258.868865747 [MEMLOG_E_S1_DONE]	diff = 0.000920255
73258.868866163 [MEMLOG_E_S1_RUN]	diff = 0.000000416
73258.899955329 [MEMLOG_E_WCET_START]	diff = 0.031089166
73258.900934125 [MEMLOG_E_S1_DONE]	diff = 0.000978796
73258.900935115 [MEMLOG_E_S1_RUN]	diff = 0.000000990
73258.931984177 [MEMLOG_E_WCET_START]	diff = 0.031049062
73258.932881462 [MEMLOG_E_S1_DONE]	diff = 0.000897285
73258.932881983 [MEMLOG_E_S1_RUN]	diff = 0.000000521
73258.968041903 [MEMLOG_E_WCET_START]	diff = 0.035159920
73258.968972470 [MEMLOG_E_S1_DONE]	diff = 0.000930567
73258.968972991 [MEMLOG_E_S1_RUN]	diff = 0.000000521
73258.999940283 [MEMLOG_E_WCET_START]	diff = 0.030967292
73259.000895485 [MEMLOG_E_S1_DONE]	diff = 0.000955202
73259.000896214 [MEMLOG_E_S1_RUN]	diff = 0.000000729
73259.031992151 [MEMLOG_E_WCET_START]	diff = 0.031095937
73259.032920061 [MEMLOG_E_S1_DONE]	diff = 0.000927910
73259.032920478 [MEMLOG_E_S1_RUN]	diff = 0.000000417
73259.067953055 [MEMLOG_E_WCET_START]	diff = 0.035032577
73259.068886486 [MEMLOG_E_S1_DONE]	diff = 0.000933431
73259.068887059 [MEMLOG_E_S1_RUN]	diff = 0.000000573
73259.099924403 [MEMLOG_E_WCET_START]	diff = 0.031037344
73259.100964708 [MEMLOG_E_S1_DONE]	diff = 0.001040305
73259.100965490 [MEMLOG_E_S1_RUN]	diff = 0.000000782
73259.131997156 [MEMLOG_E_WCET_START]	diff = 0.031031666
73259.132927619 [MEMLOG_E_S1_DONE]	diff = 0.000930463
73259.132928035 [MEMLOG_E_S1_RUN]	diff = 0.000000416
73259.167944102 [MEMLOG_E_WCET_START]	diff = 0.035016067
73259.168865242 [MEMLOG_E_S1_DONE]	diff = 0.000921140
73259.168865554 [MEMLOG_E_S1_RUN]	diff = 0.000000312
73259.199934148 [MEMLOG_E_WCET_START]	diff = 0.031068594
73259.200911797 [MEMLOG_E_S1_DONE]	diff = 0.000977649
73259.200912527 [MEMLOG_E_S1_RUN]	diff = 0.000000730
73259.231956276 [MEMLOG_E_WCET_START]	diff = 0.031043749
73259.232859968 [MEMLOG_E_S1_DONE]	diff = 0.000903692
73259.232860333 [MEMLOG_E_S1_RUN]	diff = 0.000000365
73259.267987024 [MEMLOG_E_WCET_START]	diff = 0.035126691
73259.268883580 [MEMLOG_E_S1_DONE]	diff = 0.000896556
73259.268883997 [MEMLOG_E_S1_RUN]	diff = 0.000000417
73259.299996653 [MEMLOG_E_WCET_START]	diff = 0.031112656
73259.300958052 [MEMLOG_E_S1_DONE]	diff = 0.000961399
73259.300958990 [MEMLOG_E_S1_RUN]	diff = 0.000000938
73259.331974875 [MEMLOG_E_WCET_START]	diff = 0.031015885
73259.332871171 [MEMLOG_E_S1_DONE]	diff = 0.000896296
73259.332871744 [MEMLOG_E_S1_RUN]	diff = 0.000000573
73259.367958019 [MEMLOG_E_WCET_START]	diff = 0.035086275
73259.368886086 [MEMLOG_E_S1_DONE]	diff = 0.000928067
73259.368886607 [MEMLOG_E_S1_RUN]	diff = 0.000000521
73259.399993741 [MEMLOG_E_WCET_START]	diff = 0.031107134
73259.401031182 [MEMLOG_E_S1_DONE]	diff = 0.001037441
73259.401032068 [MEMLOG_E_S1_RUN]	diff = 0.000000886
73259.431942589 [MEMLOG_E_WCET_START]	diff = 0.030910521
73248.072008525 [MEMLOG_E_WCET_START] *not in order
	diff = -12.640065936
73248.072920134 [MEMLOG_E_S1_DONE]	diff = 0.000911609
73248.072920759 [MEMLOG_E_S1_RUN]	diff = 0.000000625
73248.104080081 [MEMLOG_E_WCET_START]	diff = 0.031159322
73248.105027210 [MEMLOG_E_S1_DONE]	diff = 0.000947129
73248.105027627 [MEMLOG_E_S1_RUN]	diff = 0.000000417
73248.136007523 [MEMLOG_E_WCET_START]	diff = 0.030979896
73248.136971631 [MEMLOG_E_S1_DONE]	diff = 0.000964108
73248.136972048 [MEMLOG_E_S1_RUN]	diff = 0.000000417
73248.172006031 [MEMLOG_E_WCET_START]	diff = 0.035033983
73248.172923889 [MEMLOG_E_S1_DONE]	diff = 0.000917858
73248.172924358 [MEMLOG_E_S1_RUN]	diff = 0.000000469
73248.204093524 [MEMLOG_E_WCET_START]	diff = 0.031169166
73248.204995914 [MEMLOG_E_S1_DONE]	diff = 0.000902390
73248.204996330 [MEMLOG_E_S1_RUN]	diff = 0.000000416
73248.235994924 [MEMLOG_E_WCET_START]	diff = 0.030998594
73248.236902106 [MEMLOG_E_S1_DONE]	diff = 0.000907182
73248.236902678 [MEMLOG_E_S1_RUN]	diff = 0.000000572
73248.272044005 [MEMLOG_E_WCET_START]	diff = 0.035141327
73248.272942749 [MEMLOG_E_S1_DONE]	diff = 0.000898744
73248.272943374 [MEMLOG_E_S1_RUN]	diff = 0.000000625
73248.304000874 [MEMLOG_E_WCET_START]	diff = 0.031057500
73248.304901545 [MEMLOG_E_S1_DONE]	diff = 0.000900671
73248.304902118 [MEMLOG_E_S1_RUN]	diff = 0.000000573
73248.335964669 [MEMLOG_E_WCET_START]	diff = 0.031062551
73248.336849716 [MEMLOG_E_S1_DONE]	diff = 0.000885047
73248.336850653 [MEMLOG_E_S1_RUN]	diff = 0.000000937
73248.372030417 [MEMLOG_E_WCET_START]	diff = 0.035179764
73248.372953067 [MEMLOG_E_S1_DONE]	diff = 0.000922650
73248.372953483 [MEMLOG_E_S1_RUN]	diff = 0.000000416
73248.404024473 [MEMLOG_E_WCET_START]	diff = 0.031070990
73248.404937019 [MEMLOG_E_S1_DONE]	diff = 0.000912546
73248.404937592 [MEMLOG_E_S1_RUN]	diff = 0.000000573
73248.435972591 [MEMLOG_E_WCET_START]	diff = 0.031034999
73248.436870502 [MEMLOG_E_S1_DONE]	diff = 0.000897911
73248.436871231 [MEMLOG_E_S1_RUN]	diff = 0.000000729
73248.472066255 [MEMLOG_E_WCET_START]	diff = 0.035195024
73248.473008645 [MEMLOG_E_S1_DONE]	diff = 0.000942390
73248.473009374 [MEMLOG_E_S1_RUN]	diff = 0.000000729
73248.503987291 [MEMLOG_E_WCET_START]	diff = 0.030977917
73248.504928587 [MEMLOG_E_S1_DONE]	diff = 0.000941296
73248.504929420 [MEMLOG_E_S1_RUN]	diff = 0.000000833
73248.536029055 [MEMLOG_E_WCET_START]	diff = 0.031099635
73248.536943997 [MEMLOG_E_S1_DONE]	diff = 0.000914942
73248.536944413 [MEMLOG_E_S1_RUN]	diff = 0.000000416
73248.572021730 [MEMLOG_E_WCET_START]	diff = 0.035077317
73248.572942297 [MEMLOG_E_S1_DONE]	diff = 0.000920567
73248.572942713 [MEMLOG_E_S1_RUN]	diff = 0.000000416
73248.604038077 [MEMLOG_E_WCET_START]	diff = 0.031095364
73248.604961300 [MEMLOG_E_S1_DONE]	diff = 0.000923223
73248.604961821 [MEMLOG_E_S1_RUN]	diff = 0.000000521
73248.635970884 [MEMLOG_E_WCET_START]	diff = 0.031009063
73248.636877336 [MEMLOG_E_S1_DONE]	diff = 0.000906452
73248.636877857 [MEMLOG_E_S1_RUN]	diff = 0.000000521
73248.672001527 [MEMLOG_E_WCET_START]	diff = 0.035123670
73248.672919542 [MEMLOG_E_S1_DONE]	diff = 0.000918015
73248.672920011 [MEMLOG_E_S1_RUN]	diff = 0.000000469
73248.704001468 [MEMLOG_E_WCET_START]	diff = 0.031081457
73248.704899483 [MEMLOG_E_S1_DONE]	diff = 0.000898015
73248.704899848 [MEMLOG_E_S1_RUN]	diff = 0.000000365
73248.735998702 [MEMLOG_E_WCET_START]	diff = 0.031098854
73248.736898487 [MEMLOG_E_S1_DONE]	diff = 0.000899785
73248.736898852 [MEMLOG_E_S1_RUN]	diff = 0.000000365
73248.772043459 [MEMLOG_E_WCET_START]	diff = 0.035144607
73248.772935276 [MEMLOG_E_S1_DONE]	diff = 0.000891817
73248.772935901 [MEMLOG_E_S1_RUN]	diff = 0.000000625
73248.804023453 [MEMLOG_E_WCET_START]	diff = 0.031087552
73248.804944749 [MEMLOG_E_S1_DONE]	diff = 0.000921296
73248.804945166 [MEMLOG_E_S1_RUN]	diff = 0.000000417
73248.835996519 [MEMLOG_E_WCET_START]	diff = 0.031051353
73248.836900316 [MEMLOG_E_S1_DONE]	diff = 0.000903797
73248.836900680 [MEMLOG_E_S1_RUN]	diff = 0.000000364
73248.872006746 [MEMLOG_E_WCET_START]	diff = 0.035106066
73248.872942626 [MEMLOG_E_S1_DONE]	diff = 0.000935880
73248.872943511 [MEMLOG_E_S1_RUN]	diff = 0.000000885
73248.904038927 [MEMLOG_E_WCET_START]	diff = 0.031095416
73248.904982202 [MEMLOG_E_S1_DONE]	diff = 0.000943275
73248.904983087 [MEMLOG_E_S1_RUN]	diff = 0.000000885
73248.936015952 [MEMLOG_E_WCET_START]	diff = 0.031032865
73248.936943446 [MEMLOG_E_S1_DONE]	diff = 0.000927494
73248.936943862 [MEMLOG_E_S1_RUN]	diff = 0.000000416
73248.972030866 [MEMLOG_E_WCET_START]	diff = 0.035087004
73248.972946068 [MEMLOG_E_S1_DONE]	diff = 0.000915202
73248.972946433 [MEMLOG_E_S1_RUN]	diff = 0.000000365
73249.003999193 [MEMLOG_E_WCET_START]	diff = 0.031052760
73249.004903406 [MEMLOG_E_S1_DONE]	diff = 0.000904213
73249.004903823 [MEMLOG_E_S1_RUN]	diff = 0.000000417
73249.036040541 [MEMLOG_E_WCET_START]	diff = 0.031136718
73249.036936212 [MEMLOG_E_S1_DONE]	diff = 0.000895671
73249.036937618 [MEMLOG_E_S1_RUN]	diff = 0.000001406
73249.072076288 [MEMLOG_E_WCET_START]	diff = 0.035138670
73249.073016646 [MEMLOG_E_S1_DONE]	diff = 0.000940358
73249.073017011 [MEMLOG_E_S1_RUN]	diff = 0.000000365
73249.104021542 [MEMLOG_E_WCET_START]	diff = 0.031004531
73249.104957421 [MEMLOG_E_S1_DONE]	diff = 0.000935879
73249.104957838 [MEMLOG_E_S1_RUN]	diff = 0.000000417
73249.136026848 [MEMLOG_E_WCET_START]	diff = 0.031069010
73249.136960123 [MEMLOG_E_S1_DONE]	diff = 0.000933275
73249.136960644 [MEMLOG_E_S1_RUN]	diff = 0.000000521
73249.172001450 [MEMLOG_E_WCET_START]	diff = 0.035040806
73249.172918788 [MEMLOG_E_S1_DONE]	diff = 0.000917338
73249.172919309 [MEMLOG_E_S1_RUN]	diff = 0.000000521
73249.204048683 [MEMLOG_E_WCET_START]	diff = 0.031129374
73249.204963208 [MEMLOG_E_S1_DONE]	diff = 0.000914525
73249.204963573 [MEMLOG_E_S1_RUN]	diff = 0.000000365
73249.236014718 [MEMLOG_E_WCET_START]	diff = 0.031051145
73249.236927681 [MEMLOG_E_S1_DONE]	diff = 0.000912963
73249.236928098 [MEMLOG_E_S1_RUN]	diff = 0.000000417
73249.272038956 [MEMLOG_E_WCET_START]	diff = 0.035110858
73249.272969418 [MEMLOG_E_S1_DONE]	diff = 0.000930462
73249.272970147 [MEMLOG_E_S1_RUN]	diff = 0.000000729
73249.304007751 [MEMLOG_E_WCET_START]	diff = 0.031037604
73249.304953214 [MEMLOG_E_S1_DONE]	diff = 0.000945463
73249.304953891 [MEMLOG_E_S1_RUN]	diff = 0.000000677
73249.335992276 [MEMLOG_E_WCET_START]	diff = 0.031038385
73249.336893155 [MEMLOG_E_S1_DONE]	diff = 0.000900879
73249.336893885 [MEMLOG_E_S1_RUN]	diff = 0.000000730
73249.372004326 [MEMLOG_E_WCET_START]	diff = 0.035110441
73249.372933851 [MEMLOG_E_S1_DONE]	diff = 0.000929525
73249.372934268 [MEMLOG_E_S1_RUN]	diff = 0.000000417
73249.404080204 [MEMLOG_E_WCET_START]	diff = 0.031145936
73249.404996656 [MEMLOG_E_S1_DONE]	diff = 0.000916452
73249.404997229 [MEMLOG_E_S1_RUN]	diff = 0.000000573
73249.436018427 [MEMLOG_E_WCET_START]	diff = 0.031021198
73249.436910400 [MEMLOG_E_S1_DONE]	diff = 0.000891973
73249.436910921 [MEMLOG_E_S1_RUN]	diff = 0.000000521
73249.472018602 [MEMLOG_E_WCET_START]	diff = 0.035107681
73249.472934950 [MEMLOG_E_S1_DONE]	diff = 0.000916348
73249.472935315 [MEMLOG_E_S1_RUN]	diff = 0.000000365
73249.504080730 [MEMLOG_E_WCET_START]	diff = 0.031145415
73249.504985829 [MEMLOG_E_S1_DONE]	diff = 0.000905099
73249.504986245 [MEMLOG_E_S1_RUN]	diff = 0.000000416
73249.535991714 [MEMLOG_E_WCET_START]	diff = 0.031005469
73249.536896448 [MEMLOG_E_S1_DONE]	diff = 0.000904734
73249.536897073 [MEMLOG_E_S1_RUN]	diff = 0.000000625
73249.572021785 [MEMLOG_E_WCET_START]	diff = 0.035124712
73249.572928289 [MEMLOG_E_S1_DONE]	diff = 0.000906504
73249.572928810 [MEMLOG_E_S1_RUN]	diff = 0.000000521
73249.604015945 [MEMLOG_E_WCET_START]	diff = 0.031087135
73249.604947970 [MEMLOG_E_S1_DONE]	diff = 0.000932025
73249.604948491 [MEMLOG_E_S1_RUN]	diff = 0.000000521
73249.636026355 [MEMLOG_E_WCET_START]	diff = 0.031077864
73249.636934005 [MEMLOG_E_S1_DONE]	diff = 0.000907650
73249.636934474 [MEMLOG_E_S1_RUN]	diff = 0.000000469
73249.671995749 [MEMLOG_E_WCET_START]	diff = 0.035061275
73249.672931315 [MEMLOG_E_S1_DONE]	diff = 0.000935566
73249.672931836 [MEMLOG_E_S1_RUN]	diff = 0.000000521
73249.704032669 [MEMLOG_E_WCET_START]	diff = 0.031100833
73249.704967402 [MEMLOG_E_S1_DONE]	diff = 0.000934733
73249.704968027 [MEMLOG_E_S1_RUN]	diff = 0.000000625
73249.735998600 [MEMLOG_E_WCET_START]	diff = 0.031030573
73249.736922812 [MEMLOG_E_S1_DONE]	diff = 0.000924212
73249.736923490 [MEMLOG_E_S1_RUN]	diff = 0.000000678
73249.772018358 [MEMLOG_E_WCET_START]	diff = 0.035094868
73249.772924498 [MEMLOG_E_S1_DONE]	diff = 0.000906140
73249.772924914 [MEMLOG_E_S1_RUN]	diff = 0.000000416
73249.803985695 [MEMLOG_E_WCET_START]	diff = 0.031060781
73249.804917460 [MEMLOG_E_S1_DONE]	diff = 0.000931765
73249.804918033 [MEMLOG_E_S1_RUN]	diff = 0.000000573
73249.836071730 [MEMLOG_E_WCET_START]	diff = 0.031153697
73249.836968547 [MEMLOG_E_S1_DONE]	diff = 0.000896817
73249.836968963 [MEMLOG_E_S1_RUN]	diff = 0.000000416
73249.872013728 [MEMLOG_E_WCET_START]	diff = 0.035044765
73249.872927003 [MEMLOG_E_S1_DONE]	diff = 0.000913275
73249.872927472 [MEMLOG_E_S1_RUN]	diff = 0.000000469
73249.904013253 [MEMLOG_E_WCET_START]	diff = 0.031085781
73249.904937049 [MEMLOG_E_S1_DONE]	diff = 0.000923796
73249.904937778 [MEMLOG_E_S1_RUN]	diff = 0.000000729
73249.936096423 [MEMLOG_E_WCET_START]	diff = 0.031158645
73249.937038083 [MEMLOG_E_S1_DONE]	diff = 0.000941660
73249.937038656 [MEMLOG_E_S1_RUN]	diff = 0.000000573
73249.972001182 [MEMLOG_E_WCET_START]	diff = 0.034962526
73249.972892790 [MEMLOG_E_S1_DONE]	diff = 0.000891608
73249.972893363 [MEMLOG_E_S1_RUN]	diff = 0.000000573
73250.004033362 [MEMLOG_E_WCET_START]	diff = 0.031139999
73250.004955127 [MEMLOG_E_S1_DONE]	diff = 0.000921765
73250.004955856 [MEMLOG_E_S1_RUN]	diff = 0.000000729
73250.036003616 [MEMLOG_E_WCET_START]	diff = 0.031047760
73250.036917048 [MEMLOG_E_S1_DONE]	diff = 0.000913432
73250.036917412 [MEMLOG_E_S1_RUN]	diff = 0.000000364
73250.072010927 [MEMLOG_E_WCET_START]	diff = 0.035093515
73250.072925920 [MEMLOG_E_S1_DONE]	diff = 0.000914993
73250.072926806 [MEMLOG_E_S1_RUN]	diff = 0.000000886
73250.104004201 [MEMLOG_E_WCET_START]	diff = 0.031077395
73250.104966226 [MEMLOG_E_S1_DONE]	diff = 0.000962025
73250.104966851 [MEMLOG_E_S1_RUN]	diff = 0.000000625
73250.135978882 [MEMLOG_E_WCET_START]	diff = 0.031012031
73250.136939136 [MEMLOG_E_S1_DONE]	diff = 0.000960254
73250.136939813 [MEMLOG_E_S1_RUN]	diff = 0.000000677
73250.171995099 [MEMLOG_E_WCET_START]	diff = 0.035055286
73250.172888218 [MEMLOG_E_S1_DONE]	diff = 0.000893119
73250.172888895 [MEMLOG_E_S1_RUN]	diff = 0.000000677
73250.204011707 [MEMLOG_E_WCET_START]	diff = 0.031122812
73250.204946492 [MEMLOG_E_S1_DONE]	diff = 0.000934785
73250.204946909 [MEMLOG_E_S1_RUN]	diff = 0.000000417
73250.236023158 [MEMLOG_E_WCET_START]	diff = 0.031076249
73250.236959350 [MEMLOG_E_S1_DONE]	diff = 0.000936192
73250.236960027 [MEMLOG_E_S1_RUN]	diff = 0.000000677
73250.272018906 [MEMLOG_E_WCET_START]	diff = 0.035058879
73250.272940567 [MEMLOG_E_S1_DONE]	diff = 0.000921661
73250.272940983 [MEMLOG_E_S1_RUN]	diff = 0.000000416
73250.304002025 [MEMLOG_E_WCET_START]	diff = 0.031061042
73250.304907435 [MEMLOG_E_S1_DONE]	diff = 0.000905410
73250.304907852 [MEMLOG_E_S1_RUN]	diff = 0.000000417
73250.335995716 [MEMLOG_E_WCET_START]	diff = 0.031087864
73250.336920866 [MEMLOG_E_S1_DONE]	diff = 0.000925150
73250.336921283 [MEMLOG_E_S1_RUN]	diff = 0.000000417
73250.368172375 [MEMLOG_E_WCET_START]	diff = 0.031251092
73250.369048254 [MEMLOG_E_S1_DONE]	diff = 0.000875879
73250.369048619 [MEMLOG_E_S1_RUN]	diff = 0.000000365
73250.403975572 [MEMLOG_E_WCET_START]	diff = 0.034926953
73250.404811452 [MEMLOG_E_S1_DONE]	diff = 0.000835880
73250.404812441 [MEMLOG_E_S1_RUN]	diff = 0.000000989
73250.436027180 [MEMLOG_E_WCET_START]	diff = 0.031214739
73250.436938111 [MEMLOG_E_S1_DONE]	diff = 0.000910931
73250.436938476 [MEMLOG_E_S1_RUN]	diff = 0.000000365
73250.468079100 [MEMLOG_E_WCET_START]	diff = 0.031140624
73250.468948469 [MEMLOG_E_S1_DONE]	diff = 0.000869369
73250.468949042 [MEMLOG_E_S1_RUN]	diff = 0.000000573
73250.504025213 [MEMLOG_E_WCET_START]	diff = 0.035076171
73250.504979894 [MEMLOG_E_S1_DONE]	diff = 0.000954681
73250.504980571 [MEMLOG_E_S1_RUN]	diff = 0.000000677
73250.535982081 [MEMLOG_E_WCET_START]	diff = 0.031001510
73250.536917544 [MEMLOG_E_S1_DONE]	diff = 0.000935463
73250.536918117 [MEMLOG_E_S1_RUN]	diff = 0.000000573
73250.568079418 [MEMLOG_E_WCET_START]	diff = 0.031161301
73250.568998630 [MEMLOG_E_S1_DONE]	diff = 0.000919212
73250.568999047 [MEMLOG_E_S1_RUN]	diff = 0.000000417
73250.603976989 [MEMLOG_E_WCET_START]	diff = 0.034977942
73250.604891254 [MEMLOG_E_S1_DONE]	diff = 0.000914265
73250.604891670 [MEMLOG_E_S1_RUN]	diff = 0.000000416
73250.636008180 [MEMLOG_E_WCET_START]	diff = 0.031116510
73250.636915778 [MEMLOG_E_S1_DONE]	diff = 0.000907598
73250.636916143 [MEMLOG_E_S1_RUN]	diff = 0.000000365
73250.668053955 [MEMLOG_E_WCET_START]	diff = 0.031137812
73250.668949730 [MEMLOG_E_S1_DONE]	diff = 0.000895775
73250.668950355 [MEMLOG_E_S1_RUN]	diff = 0.000000625
73250.704087879 [MEMLOG_E_WCET_START]	diff = 0.035137524
73250.705030217 [MEMLOG_E_S1_DONE]	diff = 0.000942338
73250.705030633 [MEMLOG_E_S1_RUN]	diff = 0.000000416
73250.736012457 [MEMLOG_E_WCET_START]	diff = 0.030981824
73250.736906461 [MEMLOG_E_S1_DONE]	diff = 0.000894004
73250.736907086 [MEMLOG_E_S1_RUN]	diff = 0.000000625
73250.768048752 [MEMLOG_E_WCET_START]	diff = 0.031141666
73250.768915204 [MEMLOG_E_S1_DONE]	diff = 0.000866452
73250.768915777 [MEMLOG_E_S1_RUN]	diff = 0.000000573
73250.804052833 [MEMLOG_E_WCET_START]	diff = 0.035137056
73250.804946629 [MEMLOG_E_S1_DONE]	diff = 0.000893796
73250.804947046 [MEMLOG_E_S1_RUN]	diff = 0.000000417
73250.835991733 [MEMLOG_E_WCET_START]	diff = 0.031044687
73250.836917300 [MEMLOG_E_S1_DONE]	diff = 0.000925567
73250.836918081 [MEMLOG_E_S1_RUN]	diff = 0.000000781
73250.868047455 [MEMLOG_E_WCET_START]	diff = 0.031129374
73250.868937657 [MEMLOG_E_S1_DONE]	diff = 0.000890202
73250.868938230 [MEMLOG_E_S1_RUN]	diff = 0.000000573
73250.904006120 [MEMLOG_E_WCET_START]	diff = 0.035067890
73250.904958457 [MEMLOG_E_S1_DONE]	diff = 0.000952337
73250.904959238 [MEMLOG_E_S1_RUN]	diff = 0.000000781
73250.936013249 [MEMLOG_E_WCET_START]	diff = 0.031054011
73250.936930274 [MEMLOG_E_S1_DONE]	diff = 0.000917025
73250.936930951 [MEMLOG_E_S1_RUN]	diff = 0.000000677
73250.968038138 [MEMLOG_E_WCET_START]	diff = 0.031107187
73250.968943340 [MEMLOG_E_S1_DONE]	diff = 0.000905202
73250.968943913 [MEMLOG_E_S1_RUN]	diff = 0.000000573
73251.004017011 [MEMLOG_E_WCET_START]	diff = 0.035073098
73251.004938411 [MEMLOG_E_S1_DONE]	diff = 0.000921400
73251.004938932 [MEMLOG_E_S1_RUN]	diff = 0.000000521
73251.035966275 [MEMLOG_E_WCET_START]	diff = 0.031027343
73251.036861269 [MEMLOG_E_S1_DONE]	diff = 0.000894994
73251.036861634 [MEMLOG_E_S1_RUN]	diff = 0.000000365
73251.068028612 [MEMLOG_E_WCET_START]	diff = 0.031166978
73251.068902981 [MEMLOG_E_S1_DONE]	diff = 0.000874369
73251.068903502 [MEMLOG_E_S1_RUN]	diff = 0.000000521
73251.104008318 [MEMLOG_E_WCET_START]	diff = 0.035104816
73251.104943260 [MEMLOG_E_S1_DONE]	diff = 0.000934942
73251.104943624 [MEMLOG_E_S1_RUN]	diff = 0.000000364
73251.136025343 [MEMLOG_E_WCET_START]	diff = 0.031081719
73251.136952212 [MEMLOG_E_S1_DONE]	diff = 0.000926869
73251.136952628 [MEMLOG_E_S1_RUN]	diff = 0.000000416
73251.168033097 [MEMLOG_E_WCET_START]	diff = 0.031080469
73251.168935643 [MEMLOG_E_S1_DONE]	diff = 0.000902546
73251.168936007 [MEMLOG_E_S1_RUN]	diff = 0.000000364
73251.203980824 [MEMLOG_E_WCET_START]	diff = 0.035044817
73251.204903943 [MEMLOG_E_S1_DONE]	diff = 0.000923119
73251.204904464 [MEMLOG_E_S1_RUN]	diff = 0.000000521
73251.236023942 [MEMLOG_E_WCET_START]	diff = 0.031119478
73251.236902582 [MEMLOG_E_S1_DONE]	diff = 0.000878640
73251.236902999 [MEMLOG_E_S1_RUN]	diff = 0.000000417
73251.267995550 [MEMLOG_E_WCET_START]	diff = 0.031092551
73251.268870232 [MEMLOG_E_S1_DONE]	diff = 0.000874682
73251.268870805 [MEMLOG_E_S1_RUN]	diff = 0.000000573
73251.304031454 [MEMLOG_E_WCET_START]	diff = 0.035160649
73251.304967437 [MEMLOG_E_S1_DONE]	diff = 0.000935983
73251.304968010 [MEMLOG_E_S1_RUN]	diff = 0.000000573
73251.335975406 [MEMLOG_E_WCET_START]	diff = 0.031007396
73251.336873004 [MEMLOG_E_S1_DONE]	diff = 0.000897598
73251.336873733 [MEMLOG_E_S1_RUN]	diff = 0.000000729
73251.368009045 [MEMLOG_E_WCET_START]	diff = 0.031135312
73251.368916070 [MEMLOG_E_S1_DONE]	diff = 0.000907025
73251.368916747 [MEMLOG_E_S1_RUN]	diff = 0.000000677
73251.403990210 [MEMLOG_E_WCET_START]	diff = 0.035073463
73251.404911297 [MEMLOG_E_S1_DONE]	diff = 0.000921087
73251.404911714 [MEMLOG_E_S1_RUN]	diff = 0.000000417
73251.435968589 [MEMLOG_E_WCET_START]	diff = 0.031056875
73251.436843427 [MEMLOG_E_S1_DONE]	diff = 0.000874838
73251.436843843 [MEMLOG_E_S1_RUN]	diff = 0.000000416
73251.467981811 [MEMLOG_E_WCET_START]	diff = 0.031137968
73251.468832743 [MEMLOG_E_S1_DONE]	diff = 0.000850932
73251.468833212 [MEMLOG_E_S1_RUN]	diff = 0.000000469
73251.503966674 [MEMLOG_E_WCET_START]	diff = 0.035133462
73251.504872449 [MEMLOG_E_S1_DONE]	diff = 0.000905775
73251.504872970 [MEMLOG_E_S1_RUN]	diff = 0.000000521
73251.535992969 [MEMLOG_E_WCET_START]	diff = 0.031119999
73251.536871817 [MEMLOG_E_S1_DONE]	diff = 0.000878848
73251.536872338 [MEMLOG_E_S1_RUN]	diff = 0.000000521
73251.568049941 [MEMLOG_E_WCET_START]	diff = 0.031177603
73251.568920248 [MEMLOG_E_S1_DONE]	diff = 0.000870307
73251.568921029 [MEMLOG_E_S1_RUN]	diff = 0.000000781
73251.603994596 [MEMLOG_E_WCET_START]	diff = 0.035073567
73251.604885892 [MEMLOG_E_S1_DONE]	diff = 0.000891296
73251.604886465 [MEMLOG_E_S1_RUN]	diff = 0.000000573
73251.635983756 [MEMLOG_E_WCET_START]	diff = 0.031097291
73251.636892343 [MEMLOG_E_S1_DONE]	diff = 0.000908587
73251.636892760 [MEMLOG_E_S1_RUN]	diff = 0.000000417
73251.668028488 [MEMLOG_E_WCET_START]	diff = 0.031135728
73251.668880306 [MEMLOG_E_S1_DONE]	diff = 0.000851818
73251.668880722 [MEMLOG_E_S1_RUN]	diff = 0.000000416
73251.703993611 [MEMLOG_E_WCET_START]	diff = 0.035112889
73251.704935793 [MEMLOG_E_S1_DONE]	diff = 0.000942182
73251.704936366 [MEMLOG_E_S1_RUN]	diff = 0.000000573
73251.735996417 [MEMLOG_E_WCET_START]	diff = 0.031060051
73251.736943546 [MEMLOG_E_S1_DONE]	diff = 0.000947129
73251.736944119 [MEMLOG_E_S1_RUN]	diff = 0.000000573
73251.767978859 [MEMLOG_E_WCET_START]	diff = 0.031034740
73251.768875572 [MEMLOG_E_S1_DONE]	diff = 0.000896713
73251.768876092 [MEMLOG_E_S1_RUN]	diff = 0.000000520
73251.804000127 [MEMLOG_E_WCET_START]	diff = 0.035124035
73251.804904080 [MEMLOG_E_S1_DONE]	diff = 0.000903953
73251.804904496 [MEMLOG_E_S1_RUN]	diff = 0.000000416
73251.836001891 [MEMLOG_E_WCET_START]	diff = 0.031097395
73251.836900635 [MEMLOG_E_S1_DONE]	diff = 0.000898744
73251.836901052 [MEMLOG_E_S1_RUN]	diff = 0.000000417
73251.867953760 [MEMLOG_E_WCET_START]	diff = 0.031052708
73251.868811879 [MEMLOG_E_S1_DONE]	diff = 0.000858119
73251.868812504 [MEMLOG_E_S1_RUN]	diff = 0.000000625
73251.904011747 [MEMLOG_E_WCET_START]	diff = 0.035199243
73251.904914293 [MEMLOG_E_S1_DONE]	diff = 0.000902546
73251.904914918 [MEMLOG_E_S1_RUN]	diff = 0.000000625
73251.935958564 [MEMLOG_E_WCET_START]	diff = 0.031043646
73251.936839183 [MEMLOG_E_S1_DONE]	diff = 0.000880619
73251.936839548 [MEMLOG_E_S1_RUN]	diff = 0.000000365
73251.967987880 [MEMLOG_E_WCET_START]	diff = 0.031148332
73251.968898238 [MEMLOG_E_S1_DONE]	diff = 0.000910358
73251.968898968 [MEMLOG_E_S1_RUN]	diff = 0.000000730
73252.004039200 [MEMLOG_E_WCET_START]	diff = 0.035140232
73252.004956694 [MEMLOG_E_S1_DONE]	diff = 0.000917494
73252.004957163 [MEMLOG_E_S1_RUN]	diff = 0.000000469
73252.036011694 [MEMLOG_E_WCET_START]	diff = 0.031054531
73252.036910803 [MEMLOG_E_S1_DONE]	diff = 0.000899109
73252.036911219 [MEMLOG_E_S1_RUN]	diff = 0.000000416
73252.067933511 [MEMLOG_E_WCET_START]	diff = 0.031022292
73252.068809599 [MEMLOG_E_S1_DONE]	diff = 0.000876088
73252.068810172 [MEMLOG_E_S1_RUN]	diff = 0.000000573
73252.104049258 [MEMLOG_E_WCET_START]	diff = 0.035239086
73252.104977741 [MEMLOG_E_S1_DONE]	diff = 0.000928483
73252.104978418 [MEMLOG_E_S1_RUN]	diff = 0.000000677
73252.135975033 [MEMLOG_E_WCET_START]	diff = 0.030996615
73252.136913360 [MEMLOG_E_S1_DONE]	diff = 0.000938327
73252.136913881 [MEMLOG_E_S1_RUN]	diff = 0.000000521
73252.167946172 [MEMLOG_E_WCET_START]	diff = 0.031032291
73252.168849500 [MEMLOG_E_S1_DONE]	diff = 0.000903328
73252.168850073 [MEMLOG_E_S1_RUN]	diff = 0.000000573
73252.204049628 [MEMLOG_E_WCET_START]	diff = 0.035199555
73252.204937747 [MEMLOG_E_S1_DONE]	diff = 0.000888119
73252.204938164 [MEMLOG_E_S1_RUN]	diff = 0.000000417
73252.235952799 [MEMLOG_E_WCET_START]	diff = 0.031014635
73252.236854460 [MEMLOG_E_S1_DONE]	diff = 0.000901661
73252.236854824 [MEMLOG_E_S1_RUN]	diff = 0.000000364
73252.267962532 [MEMLOG_E_WCET_START]	diff = 0.031107708
73252.268827422 [MEMLOG_E_S1_DONE]	diff = 0.000864890
73252.268827995 [MEMLOG_E_S1_RUN]	diff = 0.000000573
73252.303976248 [MEMLOG_E_WCET_START]	diff = 0.035148253
73252.304889836 [MEMLOG_E_S1_DONE]	diff = 0.000913588
73252.304890201 [MEMLOG_E_S1_RUN]	diff = 0.000000365
73252.335996450 [MEMLOG_E_WCET_START]	diff = 0.031106249
73252.336867121 [MEMLOG_E_S1_DONE]	diff = 0.000870671
73252.336867486 [MEMLOG_E_S1_RUN]	diff = 0.000000365
73252.367955037 [MEMLOG_E_WCET_START]	diff = 0.031087551
73252.368829771 [MEMLOG_E_S1_DONE]	diff = 0.000874734
73252.368830136 [MEMLOG_E_S1_RUN]	diff = 0.000000365
73252.403960681 [MEMLOG_E_WCET_START]	diff = 0.035130545
73252.404866404 [MEMLOG_E_S1_DONE]	diff = 0.000905723
73252.404866925 [MEMLOG_E_S1_RUN]	diff = 0.000000521
73252.436033955 [MEMLOG_E_WCET_START]	diff = 0.031167030
73252.436923949 [MEMLOG_E_S1_DONE]	diff = 0.000889994
73252.436924470 [MEMLOG_E_S1_RUN]	diff = 0.000000521
73252.467965407 [MEMLOG_E_WCET_START]	diff = 0.031040937
73252.468861130 [MEMLOG_E_S1_DONE]	diff = 0.000895723
73252.468861703 [MEMLOG_E_S1_RUN]	diff = 0.000000573
73252.503956676 [MEMLOG_E_WCET_START]	diff = 0.035094973
73252.504868024 [MEMLOG_E_S1_DONE]	diff = 0.000911348
73252.504868441 [MEMLOG_E_S1_RUN]	diff = 0.000000417
73252.536050992 [MEMLOG_E_WCET_START]	diff = 0.031182551
73252.536953381 [MEMLOG_E_S1_DONE]	diff = 0.000902389
73252.536953902 [MEMLOG_E_S1_RUN]	diff = 0.000000521
73252.567928642 [MEMLOG_E_WCET_START]	diff = 0.030974740
73252.568808532 [MEMLOG_E_S1_DONE]	diff = 0.000879890
73252.568809418 [MEMLOG_E_S1_RUN]	diff = 0.000000886
73252.604006160 [MEMLOG_E_WCET_START]	diff = 0.035196742
73252.604889175 [MEMLOG_E_S1_DONE]	diff = 0.000883015
73252.604889800 [MEMLOG_E_S1_RUN]	diff = 0.000000625
73252.636053185 [MEMLOG_E_WCET_START]	diff = 0.031163385
73252.636951564 [MEMLOG_E_S1_DONE]	diff = 0.000898379
73252.636951981 [MEMLOG_E_S1_RUN]	diff = 0.000000417
73252.667947189 [MEMLOG_E_WCET_START]	diff = 0.030995208
73252.668825517 [MEMLOG_E_S1_DONE]	diff = 0.000878328
73252.668826142 [MEMLOG_E_S1_RUN]	diff = 0.000000625
73252.703956479 [MEMLOG_E_WCET_START]	diff = 0.035130337
73252.704841368 [MEMLOG_E_S1_DONE]	diff = 0.000884889
73252.704841733 [MEMLOG_E_S1_RUN]	diff = 0.000000365
73252.735956784 [MEMLOG_E_WCET_START]	diff = 0.031115051
73252.736866153 [MEMLOG_E_S1_DONE]	diff = 0.000909369
73252.736866830 [MEMLOG_E_S1_RUN]	diff = 0.000000677
73252.767969747 [MEMLOG_E_WCET_START]	diff = 0.031102917
73252.768836720 [MEMLOG_E_S1_DONE]	diff = 0.000866973
73252.768837084 [MEMLOG_E_S1_RUN]	diff = 0.000000364
73252.803983723 [MEMLOG_E_WCET_START]	diff = 0.035146639
73252.804878926 [MEMLOG_E_S1_DONE]	diff = 0.000895203
73252.804879499 [MEMLOG_E_S1_RUN]	diff = 0.000000573
73252.836007883 [MEMLOG_E_WCET_START]	diff = 0.031128384
73252.836912044 [MEMLOG_E_S1_DONE]	diff = 0.000904161
73252.836912669 [MEMLOG_E_S1_RUN]	diff = 0.000000625
73252.868051835 [MEMLOG_E_WCET_START]	diff = 0.031139166
73252.868930110 [MEMLOG_E_S1_DONE]	diff = 0.000878275
73252.868930475 [MEMLOG_E_S1_RUN]	diff = 0.000000365
73252.903993520 [MEMLOG_E_WCET_START]	diff = 0.035063045
73252.904878254 [MEMLOG_E_S1_DONE]	diff = 0.000884734
73252.904878983 [MEMLOG_E_S1_RUN]	diff = 0.000000729
73252.935976691 [MEMLOG_E_WCET_START]	diff = 0.031097708
73252.936909341 [MEMLOG_E_S1_DONE]	diff = 0.000932650
73252.936909758 [MEMLOG_E_S1_RUN]	diff = 0.000000417
73252.968066996 [MEMLOG_E_WCET_START]	diff = 0.031157238
73252.968963605 [MEMLOG_E_S1_DONE]	diff = 0.000896609
73252.968964126 [MEMLOG_E_S1_RUN]	diff = 0.000000521
73253.003976599 [MEMLOG_E_WCET_START]	diff = 0.035012473
73253.004860395 [MEMLOG_E_S1_DONE]	diff = 0.000883796
73253.004860760 [MEMLOG_E_S1_RUN]	diff = 0.000000365
73253.035946020 [MEMLOG_E_WCET_START]	diff = 0.031085260
73253.036852159 [MEMLOG_E_S1_DONE]	diff = 0.000906139
73253.036852680 [MEMLOG_E_S1_RUN]	diff = 0.000000521
73253.067993877 [MEMLOG_E_WCET_START]	diff = 0.031141197
73253.068878663 [MEMLOG_E_S1_DONE]	diff = 0.000884786
73253.068879132 [MEMLOG_E_S1_RUN]	diff = 0.000000469
73253.103962906 [MEMLOG_E_WCET_START]	diff = 0.035083774
73253.104870921 [MEMLOG_E_S1_DONE]	diff = 0.000908015
73253.104871338 [MEMLOG_E_S1_RUN]	diff = 0.000000417
73253.135957535 [MEMLOG_E_WCET_START]	diff = 0.031086197
73253.136891175 [MEMLOG_E_S1_DONE]	diff = 0.000933640
73253.136891748 [MEMLOG_E_S1_RUN]	diff = 0.000000573
73253.168008310 [MEMLOG_E_WCET_START]	diff = 0.031116562
73253.168919449 [MEMLOG_E_S1_DONE]	diff = 0.000911139
73253.168919814 [MEMLOG_E_S1_RUN]	diff = 0.000000365
73253.203994630 [MEMLOG_E_WCET_START]	diff = 0.035074816
73253.204884156 [MEMLOG_E_S1_DONE]	diff = 0.000889526
73253.204884572 [MEMLOG_E_S1_RUN]	diff = 0.000000416
73253.235971082 [MEMLOG_E_WCET_START]	diff = 0.031086510
73253.236871337 [MEMLOG_E_S1_DONE]	diff = 0.000900255
73253.236871701 [MEMLOG_E_S1_RUN]	diff = 0.000000364
73253.268023627 [MEMLOG_E_WCET_START]	diff = 0.031151926
73253.268924715 [MEMLOG_E_S1_DONE]	diff = 0.000901088
73253.268925184 [MEMLOG_E_S1_RUN]	diff = 0.000000469
73253.304025677 [MEMLOG_E_WCET_START]	diff = 0.035100493
73253.304943952 [MEMLOG_E_S1_DONE]	diff = 0.000918275
73253.304944473 [MEMLOG_E_S1_RUN]	diff = 0.000000521
73253.335977338 [MEMLOG_E_WCET_START]	diff = 0.031032865
73253.336871446 [MEMLOG_E_S1_DONE]	diff = 0.000894108
73253.336872019 [MEMLOG_E_S1_RUN]	diff = 0.000000573
73253.367987435 [MEMLOG_E_WCET_START]	diff = 0.031115416
73253.368932481 [MEMLOG_E_S1_DONE]	diff = 0.000945046
73253.368933158 [MEMLOG_E_S1_RUN]	diff = 0.000000677
73253.404054380 [MEMLOG_E_WCET_START]	diff = 0.035121222
73253.404936250 [MEMLOG_E_S1_DONE]	diff = 0.000881870
73253.404936666 [MEMLOG_E_S1_RUN]	diff = 0.000000416
73253.435976822 [MEMLOG_E_WCET_START]	diff = 0.031040156
73253.436894577 [MEMLOG_E_S1_DONE]	diff = 0.000917755
73253.436895202 [MEMLOG_E_S1_RUN]	diff = 0.000000625
73253.467966087 [MEMLOG_E_WCET_START]	diff = 0.031070885
73253.468856706 [MEMLOG_E_S1_DONE]	diff = 0.000890619
73253.468857174 [MEMLOG_E_S1_RUN]	diff = 0.000000468
73253.504039230 [MEMLOG_E_WCET_START]	diff = 0.035182056
73253.504950838 [MEMLOG_E_S1_DONE]	diff = 0.000911608
73253.504951359 [MEMLOG_E_S1_RUN]	diff = 0.000000521
73253.535944849 [MEMLOG_E_WCET_START]	diff = 0.030993490
73253.536807030 [MEMLOG_E_S1_DONE]	diff = 0.000862181
73253.536807395 [MEMLOG_E_S1_RUN]	diff = 0.000000365
73253.568022185 [MEMLOG_E_WCET_START]	diff = 0.031214790
73253.568920252 [MEMLOG_E_S1_DONE]	diff = 0.000898067
73253.568920617 [MEMLOG_E_S1_RUN]	diff = 0.000000365
73253.603950069 [MEMLOG_E_WCET_START]	diff = 0.035029452
73253.604844803 [MEMLOG_E_S1_DONE]	diff = 0.000894734
73253.604845271 [MEMLOG_E_S1_RUN]	diff = 0.000000468
73253.635975271 [MEMLOG_E_WCET_START]	diff = 0.031130000
73253.636856202 [MEMLOG_E_S1_DONE]	diff = 0.000880931
73253.636856827 [MEMLOG_E_S1_RUN]	diff = 0.000000625
73253.667994170 [MEMLOG_E_WCET_START]	diff = 0.031137343
73253.668905414 [MEMLOG_E_S1_DONE]	diff = 0.000911244
73253.668906039 [MEMLOG_E_S1_RUN]	diff = 0.000000625
73253.703951168 [MEMLOG_E_WCET_START]	diff = 0.035045129
73253.704846527 [MEMLOG_E_S1_DONE]	diff = 0.000895359
73253.704847152 [MEMLOG_E_S1_RUN]	diff = 0.000000625
73253.735971370 [MEMLOG_E_WCET_START]	diff = 0.031124218
73253.736879645 [MEMLOG_E_S1_DONE]	diff = 0.000908275
73253.736880218 [MEMLOG_E_S1_RUN]	diff = 0.000000573
73253.767988759 [MEMLOG_E_WCET_START]	diff = 0.031108541
73253.768925107 [MEMLOG_E_S1_DONE]	diff = 0.000936348
73253.768925471 [MEMLOG_E_S1_RUN]	diff = 0.000000364
73253.803974767 [MEMLOG_E_WCET_START]	diff = 0.035049296
73253.804883094 [MEMLOG_E_S1_DONE]	diff = 0.000908327
73253.804883511 [MEMLOG_E_S1_RUN]	diff = 0.000000417
73253.835977677 [MEMLOG_E_WCET_START]	diff = 0.031094166
73253.836860953 [MEMLOG_E_S1_DONE]	diff = 0.000883276
73253.836861369 [MEMLOG_E_S1_RUN]	diff = 0.000000416
73253.867993921 [MEMLOG_E_WCET_START]	diff = 0.031132552
73253.868889852 [MEMLOG_E_S1_DONE]	diff = 0.000895931
73253.868890477 [MEMLOG_E_S1_RUN]	diff = 0.000000625
73253.904004929 [MEMLOG_E_WCET_START]	diff = 0.035114452
73253.904904246 [MEMLOG_E_S1_DONE]	diff = 0.000899317
73253.904904662 [MEMLOG_E_S1_RUN]	diff = 0.000000416
73253.936008203 [MEMLOG_E_WCET_START]	diff = 0.031103541
73253.936908093 [MEMLOG_E_S1_DONE]	diff = 0.000899890
73253.936908510 [MEMLOG_E_S1_RUN]	diff = 0.000000417
73253.967952468 [MEMLOG_E_WCET_START]	diff = 0.031043958
73253.968833608 [MEMLOG_E_S1_DONE]	diff = 0.000881140
73253.968834025 [MEMLOG_E_S1_RUN]	diff = 0.000000417
73254.003976236 [MEMLOG_E_WCET_START]	diff = 0.035142211
73254.004869095 [MEMLOG_E_S1_DONE]	diff = 0.000892859
73254.004869668 [MEMLOG_E_S1_RUN]	diff = 0.000000573
73254.035957532 [MEMLOG_E_WCET_START]	diff = 0.031087864
73254.036856432 [MEMLOG_E_S1_DONE]	diff = 0.000898900
73254.036856797 [MEMLOG_E_S1_RUN]	diff = 0.000000365
73254.068012317 [MEMLOG_E_WCET_START]	diff = 0.031155520
73254.068917519 [MEMLOG_E_S1_DONE]	diff = 0.000905202
73254.068917831 [MEMLOG_E_S1_RUN]	diff = 0.000000312
73254.103975148 [MEMLOG_E_WCET_START]	diff = 0.035057317
73254.104916600 [MEMLOG_E_S1_DONE]	diff = 0.000941452
