85009.187168868 MEMLOG_E_S1_RUN               diff = 0.000000000
85009.211073543 MEMLOG_E_WCET_START           diff = 0.023904675
85009.219305465 MEMLOG_E_ADATA                diff = 0.008231922 data:0
85009.219326142 MEMLOG_E_S1_DONE              diff = 0.000020677
85009.219326246 MEMLOG_E_S1_RUN               diff = 0.000000104
85009.243219515 MEMLOG_E_WCET_START           diff = 0.023893269
85009.251518207 MEMLOG_E_ADATA                diff = 0.008298692 data:0
85009.251541019 MEMLOG_E_S1_DONE              diff = 0.000022812
85009.251541175 MEMLOG_E_S1_RUN               diff = 0.000000156
85009.278876556 MEMLOG_E_WCET_START           diff = 0.027335381
85009.287156081 MEMLOG_E_ADATA                diff = 0.008279525 data:0
85009.287181446 MEMLOG_E_S1_DONE              diff = 0.000025365
85009.287181758 MEMLOG_E_S1_RUN               diff = 0.000000312
85009.311081799 MEMLOG_E_WCET_START           diff = 0.023900041
85009.319325230 MEMLOG_E_ADATA                diff = 0.008243431 data:0
85009.319346063 MEMLOG_E_S1_DONE              diff = 0.000020833
85009.319346376 MEMLOG_E_S1_RUN               diff = 0.000000313
85009.343218916 MEMLOG_E_WCET_START           diff = 0.023872540
85009.352397966 MEMLOG_E_ADATA                diff = 0.009179050 data:0
85009.352428122 MEMLOG_E_S1_DONE              diff = 0.000030156
85009.352428695 MEMLOG_E_S1_RUN               diff = 0.000000573
85009.378946478 MEMLOG_E_WCET_START           diff = 0.026517783
85009.398106916 MEMLOG_E_ADATA                diff = 0.019160438 data:0
85009.398140613 MEMLOG_E_S1_DONE              diff = 0.000033697
85009.398141134 MEMLOG_E_S1_RUN               diff = 0.000000521
85009.411166355 MEMLOG_E_WCET_START           diff = 0.013025221
85009.430328564 MEMLOG_E_ADATA                diff = 0.019162209 data:0
85009.430359137 MEMLOG_E_S1_DONE              diff = 0.000030573
85009.430359658 MEMLOG_E_S1_RUN               diff = 0.000000521
85009.443376285 MEMLOG_E_WCET_START           diff = 0.013016627
85009.462240007 MEMLOG_E_ADATA                diff = 0.018863722 data:0
85009.462292194 MEMLOG_E_S1_DONE              diff = 0.000052187
85009.462292610 MEMLOG_E_S1_RUN               diff = 0.000000416
85009.478853327 MEMLOG_E_WCET_START           diff = 0.016560717
85009.487150925 MEMLOG_E_ADATA                diff = 0.008297598 data:112
85009.487175560 MEMLOG_E_S1_DONE              diff = 0.000024635
85009.487175873 MEMLOG_E_S1_RUN               diff = 0.000000313
85009.511076174 MEMLOG_E_WCET_START           diff = 0.023900301
85009.519307366 MEMLOG_E_ADATA                diff = 0.008231192 data:310
85009.519330386 MEMLOG_E_S1_DONE              diff = 0.000023020
85009.519330543 MEMLOG_E_S1_RUN               diff = 0.000000157
85009.543201469 MEMLOG_E_WCET_START           diff = 0.023870926
85009.551505108 MEMLOG_E_ADATA                diff = 0.008303639 data:0
85009.551527816 MEMLOG_E_S1_DONE              diff = 0.000022708
85009.551528025 MEMLOG_E_S1_RUN               diff = 0.000000209
85009.578880593 MEMLOG_E_WCET_START           diff = 0.027352568
85009.587151993 MEMLOG_E_ADATA                diff = 0.008271400 data:0
85009.587177461 MEMLOG_E_S1_DONE              diff = 0.000025468
85009.587177670 MEMLOG_E_S1_RUN               diff = 0.000000209
85009.611041981 MEMLOG_E_WCET_START           diff = 0.023864311
85009.619299996 MEMLOG_E_ADATA                diff = 0.008258015 data:0
85009.619323798 MEMLOG_E_S1_DONE              diff = 0.000023802
85009.619324110 MEMLOG_E_S1_RUN               diff = 0.000000312
85009.643213630 MEMLOG_E_WCET_START           diff = 0.023889520
85009.651509769 MEMLOG_E_ADATA                diff = 0.008296139 data:0
85009.651533884 MEMLOG_E_S1_DONE              diff = 0.000024115
85009.651534144 MEMLOG_E_S1_RUN               diff = 0.000000260
85009.678859108 MEMLOG_E_WCET_START           diff = 0.027324964
85009.687129102 MEMLOG_E_ADATA                diff = 0.008269994 data:0
85009.687155821 MEMLOG_E_S1_DONE              diff = 0.000026719
85009.687156186 MEMLOG_E_S1_RUN               diff = 0.000000365
85009.711054820 MEMLOG_E_WCET_START           diff = 0.023898634
85009.719290647 MEMLOG_E_ADATA                diff = 0.008235827 data:0
85009.719310595 MEMLOG_E_S1_DONE              diff = 0.000019948
85009.719311012 MEMLOG_E_S1_RUN               diff = 0.000000417
85009.743195896 MEMLOG_E_WCET_START           diff = 0.023884884
85009.751502191 MEMLOG_E_ADATA                diff = 0.008306295 data:0
85009.751526827 MEMLOG_E_S1_DONE              diff = 0.000024636
85009.751527087 MEMLOG_E_S1_RUN               diff = 0.000000260
85009.778847937 MEMLOG_E_WCET_START           diff = 0.027320850
85009.787123451 MEMLOG_E_ADATA                diff = 0.008275514 data:0
85009.787149024 MEMLOG_E_S1_DONE              diff = 0.000025573
85009.787149389 MEMLOG_E_S1_RUN               diff = 0.000000365
85009.811050210 MEMLOG_E_WCET_START           diff = 0.023900821
85009.819295204 MEMLOG_E_ADATA                diff = 0.008244994 data:0
85009.819318538 MEMLOG_E_S1_DONE              diff = 0.000023334
85009.819318850 MEMLOG_E_S1_RUN               diff = 0.000000312
85009.843203005 MEMLOG_E_WCET_START           diff = 0.023884155
85009.851500967 MEMLOG_E_ADATA                diff = 0.008297962 data:0
85009.851524040 MEMLOG_E_S1_DONE              diff = 0.000023073
85009.851524301 MEMLOG_E_S1_RUN               diff = 0.000000261
85009.878884265 MEMLOG_E_WCET_START           diff = 0.027359964
85009.887163842 MEMLOG_E_ADATA                diff = 0.008279577 data:0
85009.887192383 MEMLOG_E_S1_DONE              diff = 0.000028541
85009.887192539 MEMLOG_E_S1_RUN               diff = 0.000000156
85009.911041330 MEMLOG_E_WCET_START           diff = 0.023848791
85009.919282835 MEMLOG_E_ADATA                diff = 0.008241505 data:0
85009.919302418 MEMLOG_E_S1_DONE              diff = 0.000019583
85009.919302730 MEMLOG_E_S1_RUN               diff = 0.000000312
85009.943191833 MEMLOG_E_WCET_START           diff = 0.023889103
85009.951470160 MEMLOG_E_ADATA                diff = 0.008278327 data:0
85009.951491202 MEMLOG_E_S1_DONE              diff = 0.000021042
85009.951491619 MEMLOG_E_S1_RUN               diff = 0.000000417
85009.978840801 MEMLOG_E_WCET_START           diff = 0.027349182
85009.987124701 MEMLOG_E_ADATA                diff = 0.008283900 data:0
85009.987151993 MEMLOG_E_S1_DONE              diff = 0.000027292
85009.987152618 MEMLOG_E_S1_RUN               diff = 0.000000625
85010.011049533 MEMLOG_E_WCET_START           diff = 0.023896915
85010.019279163 MEMLOG_E_ADATA                diff = 0.008229630 data:0
85010.019301090 MEMLOG_E_S1_DONE              diff = 0.000021927
85010.019301246 MEMLOG_E_S1_RUN               diff = 0.000000156
85010.043176547 MEMLOG_E_WCET_START           diff = 0.023875301
85010.051474874 MEMLOG_E_ADATA                diff = 0.008298327 data:0
85010.051496593 MEMLOG_E_S1_DONE              diff = 0.000021719
85010.051496853 MEMLOG_E_S1_RUN               diff = 0.000000260
85010.078851504 MEMLOG_E_WCET_START           diff = 0.027354651
85010.087136602 MEMLOG_E_ADATA                diff = 0.008285098 data:0
85010.087162956 MEMLOG_E_S1_DONE              diff = 0.000026354
85010.087163373 MEMLOG_E_S1_RUN               diff = 0.000000417
85010.111031486 MEMLOG_E_WCET_START           diff = 0.023868113
85010.119254554 MEMLOG_E_ADATA                diff = 0.008223068 data:0
85010.119274918 MEMLOG_E_S1_DONE              diff = 0.000020364
85010.119275231 MEMLOG_E_S1_RUN               diff = 0.000000313
85010.143189229 MEMLOG_E_WCET_START           diff = 0.023913998
85010.151496723 MEMLOG_E_ADATA                diff = 0.008307494 data:0
85010.151521618 MEMLOG_E_S1_DONE              diff = 0.000024895
85010.151522035 MEMLOG_E_S1_RUN               diff = 0.000000417
85010.178889134 MEMLOG_E_WCET_START           diff = 0.027367099
85010.196924528 MEMLOG_E_ADATA                diff = 0.018035394 data:0
85010.196961612 MEMLOG_E_S1_DONE              diff = 0.000037084
85010.196961976 MEMLOG_E_S1_RUN               diff = 0.000000364
85010.211112814 MEMLOG_E_WCET_START           diff = 0.014150838
85010.230254971 MEMLOG_E_ADATA                diff = 0.019142157 data:0
85010.230285127 MEMLOG_E_S1_DONE              diff = 0.000030156
85010.230285440 MEMLOG_E_S1_RUN               diff = 0.000000313
85010.243323994 MEMLOG_E_WCET_START           diff = 0.013038554
85010.262515994 MEMLOG_E_ADATA                diff = 0.019192000 data:0
85010.262547869 MEMLOG_E_S1_DONE              diff = 0.000031875
85010.262548390 MEMLOG_E_S1_RUN               diff = 0.000000521
85010.278988535 MEMLOG_E_WCET_START           diff = 0.016440145
85010.288249928 MEMLOG_E_ADATA                diff = 0.009261393 data:0
85010.288275397 MEMLOG_E_S1_DONE              diff = 0.000025469
85010.288275709 MEMLOG_E_S1_RUN               diff = 0.000000312
85010.311042632 MEMLOG_E_WCET_START           diff = 0.022766923
85010.319287835 MEMLOG_E_ADATA                diff = 0.008245203 data:0
85010.319312626 MEMLOG_E_S1_DONE              diff = 0.000024791
85010.319313043 MEMLOG_E_S1_RUN               diff = 0.000000417
85010.343167719 MEMLOG_E_WCET_START           diff = 0.023854676
85010.351466202 MEMLOG_E_ADATA                diff = 0.008298483 data:0
85010.351488233 MEMLOG_E_S1_DONE              diff = 0.000022031
85010.351488494 MEMLOG_E_S1_RUN               diff = 0.000000261
85010.378821687 MEMLOG_E_WCET_START           diff = 0.027333193
85010.387087983 MEMLOG_E_ADATA                diff = 0.008266296 data:0
85010.387114389 MEMLOG_E_S1_DONE              diff = 0.000026406
85010.387114650 MEMLOG_E_S1_RUN               diff = 0.000000261
85010.410993700 MEMLOG_E_WCET_START           diff = 0.023879050
85010.419230934 MEMLOG_E_ADATA                diff = 0.008237234 data:0
85010.419254111 MEMLOG_E_S1_DONE              diff = 0.000023177
85010.419254424 MEMLOG_E_S1_RUN               diff = 0.000000313
85010.443165297 MEMLOG_E_WCET_START           diff = 0.023910873
85010.451492791 MEMLOG_E_ADATA                diff = 0.008327494 data:0
85010.451516488 MEMLOG_E_S1_DONE              diff = 0.000023697
85010.451516749 MEMLOG_E_S1_RUN               diff = 0.000000261
85010.478812755 MEMLOG_E_WCET_START           diff = 0.027296006
85010.487104520 MEMLOG_E_ADATA                diff = 0.008291765 data:103
85010.487127957 MEMLOG_E_S1_DONE              diff = 0.000023437
85010.487128217 MEMLOG_E_S1_RUN               diff = 0.000000260
85010.511001956 MEMLOG_E_WCET_START           diff = 0.023873739
85010.519232992 MEMLOG_E_ADATA                diff = 0.008231036 data:323
85010.519258148 MEMLOG_E_S1_DONE              diff = 0.000025156
85010.519258460 MEMLOG_E_S1_RUN               diff = 0.000000312
85010.543140948 MEMLOG_E_WCET_START           diff = 0.023882488
85010.551428546 MEMLOG_E_ADATA                diff = 0.008287598 data:0
85010.551452921 MEMLOG_E_S1_DONE              diff = 0.000024375
85010.551453234 MEMLOG_E_S1_RUN               diff = 0.000000313
85010.578810854 MEMLOG_E_WCET_START           diff = 0.027357620
85010.587090639 MEMLOG_E_ADATA                diff = 0.008279785 data:0
85010.587115275 MEMLOG_E_S1_DONE              diff = 0.000024636
85010.587115535 MEMLOG_E_S1_RUN               diff = 0.000000260
85010.611025575 MEMLOG_E_WCET_START           diff = 0.023910040
85010.619284840 MEMLOG_E_ADATA                diff = 0.008259265 data:0
85010.619307705 MEMLOG_E_S1_DONE              diff = 0.000022865
85010.619308173 MEMLOG_E_S1_RUN               diff = 0.000000468
85010.643156495 MEMLOG_E_WCET_START           diff = 0.023848322
85010.651452218 MEMLOG_E_ADATA                diff = 0.008295723 data:0
85010.651476333 MEMLOG_E_S1_DONE              diff = 0.000024115
85010.651476593 MEMLOG_E_S1_RUN               diff = 0.000000260
85010.678825567 MEMLOG_E_WCET_START           diff = 0.027348974
85010.687118842 MEMLOG_E_ADATA                diff = 0.008293275 data:0
85010.687142801 MEMLOG_E_S1_DONE              diff = 0.000023959
85010.687143061 MEMLOG_E_S1_RUN               diff = 0.000000260
85010.710990289 MEMLOG_E_WCET_START           diff = 0.023847228
85010.719207211 MEMLOG_E_ADATA                diff = 0.008216922 data:0
85010.719227263 MEMLOG_E_S1_DONE              diff = 0.000020052
85010.719227471 MEMLOG_E_S1_RUN               diff = 0.000000208
85010.743174803 MEMLOG_E_WCET_START           diff = 0.023947332
85010.751470473 MEMLOG_E_ADATA                diff = 0.008295670 data:0
85010.751493234 MEMLOG_E_S1_DONE              diff = 0.000022761
85010.751493546 MEMLOG_E_S1_RUN               diff = 0.000000312
85010.778798198 MEMLOG_E_WCET_START           diff = 0.027304652
85010.787070223 MEMLOG_E_ADATA                diff = 0.008272025 data:0
85010.787093921 MEMLOG_E_S1_DONE              diff = 0.000023698
85010.787094233 MEMLOG_E_S1_RUN               diff = 0.000000312
85010.810990940 MEMLOG_E_WCET_START           diff = 0.023896707
85010.819228955 MEMLOG_E_ADATA                diff = 0.008238015 data:0
85010.819247549 MEMLOG_E_S1_DONE              diff = 0.000018594
85010.819247757 MEMLOG_E_S1_RUN               diff = 0.000000208
85010.843183526 MEMLOG_E_WCET_START           diff = 0.023935769
85010.851465812 MEMLOG_E_ADATA                diff = 0.008282286 data:0
85010.851487114 MEMLOG_E_S1_DONE              diff = 0.000021302
85010.851487374 MEMLOG_E_S1_RUN               diff = 0.000000260
85010.878804630 MEMLOG_E_WCET_START           diff = 0.027317256
85010.887062489 MEMLOG_E_ADATA                diff = 0.008257859 data:0
85010.887085978 MEMLOG_E_S1_DONE              diff = 0.000023489
85010.887086239 MEMLOG_E_S1_RUN               diff = 0.000000261
85010.910981435 MEMLOG_E_WCET_START           diff = 0.023895196
85010.919216690 MEMLOG_E_ADATA                diff = 0.008235255 data:0
85010.919237627 MEMLOG_E_S1_DONE              diff = 0.000020937
85010.919237731 MEMLOG_E_S1_RUN               diff = 0.000000104
85010.943199698 MEMLOG_E_WCET_START           diff = 0.023961967
85010.951495786 MEMLOG_E_ADATA                diff = 0.008296088 data:0
85010.951519275 MEMLOG_E_S1_DONE              diff = 0.000023489
85010.951519536 MEMLOG_E_S1_RUN               diff = 0.000000261
85010.978784865 MEMLOG_E_WCET_START           diff = 0.027265329
85010.987070848 MEMLOG_E_ADATA                diff = 0.008285983 data:0
85010.987094702 MEMLOG_E_S1_DONE              diff = 0.000023854
85010.987094858 MEMLOG_E_S1_RUN               diff = 0.000000156
85011.011066825 MEMLOG_E_WCET_START           diff = 0.023971967
85011.030221534 MEMLOG_E_ADATA                diff = 0.019154709 data:0
85011.030254034 MEMLOG_E_S1_DONE              diff = 0.000032500
85011.030254555 MEMLOG_E_S1_RUN               diff = 0.000000521
85011.043328630 MEMLOG_E_WCET_START           diff = 0.013074075
85011.062466360 MEMLOG_E_ADATA                diff = 0.019137730 data:0
85011.062495005 MEMLOG_E_S1_DONE              diff = 0.000028645
85011.062495526 MEMLOG_E_S1_RUN               diff = 0.000000521
85011.078845307 MEMLOG_E_WCET_START           diff = 0.016349781
85011.098068714 MEMLOG_E_ADATA                diff = 0.019223407 data:0
85011.098100693 MEMLOG_E_S1_DONE              diff = 0.000031979
85011.098101213 MEMLOG_E_S1_RUN               diff = 0.000000520
85011.111084508 MEMLOG_E_WCET_START           diff = 0.012983295
85011.130227602 MEMLOG_E_ADATA                diff = 0.019143094 data:0
85011.130259998 MEMLOG_E_S1_DONE              diff = 0.000032396
85011.130260519 MEMLOG_E_S1_RUN               diff = 0.000000521
85011.143300687 MEMLOG_E_WCET_START           diff = 0.013040168
85011.162415501 MEMLOG_E_ADATA                diff = 0.019114814 data:0
85011.162444459 MEMLOG_E_S1_DONE              diff = 0.000028958
85011.162445136 MEMLOG_E_S1_RUN               diff = 0.000000677
85011.178822104 MEMLOG_E_WCET_START           diff = 0.016376968
85011.194589441 MEMLOG_E_ADATA                diff = 0.015767337 data:0
85011.194612462 MEMLOG_E_S1_DONE              diff = 0.000023021
85011.194612670 MEMLOG_E_S1_RUN               diff = 0.000000208
85011.210948493 MEMLOG_E_WCET_START           diff = 0.016335823
85011.219200935 MEMLOG_E_ADATA                diff = 0.008252442 data:0
85011.219222289 MEMLOG_E_S1_DONE              diff = 0.000021354
85011.219222706 MEMLOG_E_S1_RUN               diff = 0.000000417
85011.243160819 MEMLOG_E_WCET_START           diff = 0.023938113
85011.251456750 MEMLOG_E_ADATA                diff = 0.008295931 data:0
85011.251478937 MEMLOG_E_S1_DONE              diff = 0.000022187
85011.251479198 MEMLOG_E_S1_RUN               diff = 0.000000261
85011.278765777 MEMLOG_E_WCET_START           diff = 0.027286579
85011.287039677 MEMLOG_E_ADATA                diff = 0.008273900 data:0
85011.287069156 MEMLOG_E_S1_DONE              diff = 0.000029479
85011.287069416 MEMLOG_E_S1_RUN               diff = 0.000000260
85011.310960446 MEMLOG_E_WCET_START           diff = 0.023891030
85011.319199815 MEMLOG_E_ADATA                diff = 0.008239369 data:0
85011.319222419 MEMLOG_E_S1_DONE              diff = 0.000022604
85011.319222732 MEMLOG_E_S1_RUN               diff = 0.000000313
85011.343154491 MEMLOG_E_WCET_START           diff = 0.023931759
85011.351454797 MEMLOG_E_ADATA                diff = 0.008300306 data:0
85011.351476516 MEMLOG_E_S1_DONE              diff = 0.000021719
85011.351476828 MEMLOG_E_S1_RUN               diff = 0.000000312
85011.378778146 MEMLOG_E_WCET_START           diff = 0.027301318
85011.387051838 MEMLOG_E_ADATA                diff = 0.008273692 data:0
85011.387075588 MEMLOG_E_S1_DONE              diff = 0.000023750
85011.387075849 MEMLOG_E_S1_RUN               diff = 0.000000261
85011.410972503 MEMLOG_E_WCET_START           diff = 0.023896654
85011.419206612 MEMLOG_E_ADATA                diff = 0.008234109 data:0
85011.419226768 MEMLOG_E_S1_DONE              diff = 0.000020156
85011.419226925 MEMLOG_E_S1_RUN               diff = 0.000000157
85011.443118788 MEMLOG_E_WCET_START           diff = 0.023891863
85011.451400813 MEMLOG_E_ADATA                diff = 0.008282025 data:0
85011.451425240 MEMLOG_E_S1_DONE              diff = 0.000024427
85011.451425500 MEMLOG_E_S1_RUN               diff = 0.000000260
85011.478774162 MEMLOG_E_WCET_START           diff = 0.027348662
85011.487064104 MEMLOG_E_ADATA                diff = 0.008289942 data:116
85011.487089000 MEMLOG_E_S1_DONE              diff = 0.000024896
85011.487089260 MEMLOG_E_S1_RUN               diff = 0.000000260
85011.510928936 MEMLOG_E_WCET_START           diff = 0.023839676
85011.519155389 MEMLOG_E_ADATA                diff = 0.008226453 data:326
85011.519178305 MEMLOG_E_S1_DONE              diff = 0.000022916
85011.519178462 MEMLOG_E_S1_RUN               diff = 0.000000157
85011.543174907 MEMLOG_E_WCET_START           diff = 0.023996445
85011.551462662 MEMLOG_E_ADATA                diff = 0.008287755 data:0
85011.551485109 MEMLOG_E_S1_DONE              diff = 0.000022447
85011.551485370 MEMLOG_E_S1_RUN               diff = 0.000000261
85011.578730699 MEMLOG_E_WCET_START           diff = 0.027245329
85011.587018974 MEMLOG_E_ADATA                diff = 0.008288275 data:0
85011.587048036 MEMLOG_E_S1_DONE              diff = 0.000029062
85011.587048245 MEMLOG_E_S1_RUN               diff = 0.000000209
85011.610967191 MEMLOG_E_WCET_START           diff = 0.023918946
85011.619206665 MEMLOG_E_ADATA                diff = 0.008239474 data:0
85011.619227394 MEMLOG_E_S1_DONE              diff = 0.000020729
85011.619227706 MEMLOG_E_S1_RUN               diff = 0.000000312
85011.643116080 MEMLOG_E_WCET_START           diff = 0.023888374
85011.651394720 MEMLOG_E_ADATA                diff = 0.008278640 data:0
85011.651420032 MEMLOG_E_S1_DONE              diff = 0.000025312
85011.651420448 MEMLOG_E_S1_RUN               diff = 0.000000416
85011.678754996 MEMLOG_E_WCET_START           diff = 0.027334548
85011.687022907 MEMLOG_E_ADATA                diff = 0.008267911 data:0
85011.687053167 MEMLOG_E_S1_DONE              diff = 0.000030260
85011.687053427 MEMLOG_E_S1_RUN               diff = 0.000000260
85011.710939197 MEMLOG_E_WCET_START           diff = 0.023885770
85011.719185389 MEMLOG_E_ADATA                diff = 0.008246192 data:0
85011.719205597 MEMLOG_E_S1_DONE              diff = 0.000020208
85011.719205753 MEMLOG_E_S1_RUN               diff = 0.000000156
85011.743135897 MEMLOG_E_WCET_START           diff = 0.023930144
85011.751422870 MEMLOG_E_ADATA                diff = 0.008286973 data:0
85011.751446516 MEMLOG_E_S1_DONE              diff = 0.000023646
85011.751446777 MEMLOG_E_S1_RUN               diff = 0.000000261
85011.778742105 MEMLOG_E_WCET_START           diff = 0.027295328
85011.787030016 MEMLOG_E_ADATA                diff = 0.008287911 data:0
85011.787059495 MEMLOG_E_S1_DONE              diff = 0.000029479
85011.787059912 MEMLOG_E_S1_RUN               diff = 0.000000417
85011.810949900 MEMLOG_E_WCET_START           diff = 0.023889988
85011.819210675 MEMLOG_E_ADATA                diff = 0.008260775 data:0
85011.819230467 MEMLOG_E_S1_DONE              diff = 0.000019792
85011.819230883 MEMLOG_E_S1_RUN               diff = 0.000000416
85011.843119205 MEMLOG_E_WCET_START           diff = 0.023888322
85011.851431438 MEMLOG_E_ADATA                diff = 0.008312233 data:0
85011.851453053 MEMLOG_E_S1_DONE              diff = 0.000021615
85011.851453365 MEMLOG_E_S1_RUN               diff = 0.000000312
85011.878737184 MEMLOG_E_WCET_START           diff = 0.027283819
85011.887039365 MEMLOG_E_ADATA                diff = 0.008302181 data:0
85011.887063531 MEMLOG_E_S1_DONE              diff = 0.000024166
85011.887063740 MEMLOG_E_S1_RUN               diff = 0.000000209
85011.911034613 MEMLOG_E_WCET_START           diff = 0.023970873
85011.929061986 MEMLOG_E_ADATA                diff = 0.018027373 data:0
85011.929096309 MEMLOG_E_S1_DONE              diff = 0.000034323
85011.929096778 MEMLOG_E_S1_RUN               diff = 0.000000469
85011.943245272 MEMLOG_E_WCET_START           diff = 0.014148494
85011.962426231 MEMLOG_E_ADATA                diff = 0.019180959 data:0
85011.962458626 MEMLOG_E_S1_DONE              diff = 0.000032395
85011.962459147 MEMLOG_E_S1_RUN               diff = 0.000000521
85011.978777105 MEMLOG_E_WCET_START           diff = 0.016317958
85011.997921658 MEMLOG_E_ADATA                diff = 0.019144553 data:0
85011.997952544 MEMLOG_E_S1_DONE              diff = 0.000030886
85011.997953064 MEMLOG_E_S1_RUN               diff = 0.000000520
85012.011097816 MEMLOG_E_WCET_START           diff = 0.013144752
85012.020413323 MEMLOG_E_ADATA                diff = 0.009315507 data:0
85012.020440094 MEMLOG_E_S1_DONE              diff = 0.000026771
85012.020440406 MEMLOG_E_S1_RUN               diff = 0.000000312
85012.043103789 MEMLOG_E_WCET_START           diff = 0.022663383
85012.051401126 MEMLOG_E_ADATA                diff = 0.008297337 data:0
85012.051426178 MEMLOG_E_S1_DONE              diff = 0.000025052
85012.051426438 MEMLOG_E_S1_RUN               diff = 0.000000260
85012.078713538 MEMLOG_E_WCET_START           diff = 0.027287100
85012.086987855 MEMLOG_E_ADATA                diff = 0.008274317 data:0
85012.087016657 MEMLOG_E_S1_DONE              diff = 0.000028802
85012.087016970 MEMLOG_E_S1_RUN               diff = 0.000000313
85012.110927687 MEMLOG_E_WCET_START           diff = 0.023910717
85012.119177993 MEMLOG_E_ADATA                diff = 0.008250306 data:0
85012.119198462 MEMLOG_E_S1_DONE              diff = 0.000020469
85012.119198879 MEMLOG_E_S1_RUN               diff = 0.000000417
85012.143113450 MEMLOG_E_WCET_START           diff = 0.023914571
85012.151411152 MEMLOG_E_ADATA                diff = 0.008297702 data:0
85012.151436569 MEMLOG_E_S1_DONE              diff = 0.000025417
85012.151436985 MEMLOG_E_S1_RUN               diff = 0.000000416
85012.178740387 MEMLOG_E_WCET_START           diff = 0.027303402
85012.187022517 MEMLOG_E_ADATA                diff = 0.008282130 data:0
85012.187052204 MEMLOG_E_S1_DONE              diff = 0.000029687
85012.187052412 MEMLOG_E_S1_RUN               diff = 0.000000208
85012.210931046 MEMLOG_E_WCET_START           diff = 0.023878634
85012.219187238 MEMLOG_E_ADATA                diff = 0.008256192 data:0
85012.219209061 MEMLOG_E_S1_DONE              diff = 0.000021823
85012.219209217 MEMLOG_E_S1_RUN               diff = 0.000000156
85012.243088997 MEMLOG_E_WCET_START           diff = 0.023879780
85012.251390554 MEMLOG_E_ADATA                diff = 0.008301557 data:0
85012.251414303 MEMLOG_E_S1_DONE              diff = 0.000023749
85012.251414460 MEMLOG_E_S1_RUN               diff = 0.000000157
85012.275277104 MEMLOG_E_WCET_START           diff = 0.023862644
85012.283551682 MEMLOG_E_ADATA                diff = 0.008274578 data:0
85012.283574286 MEMLOG_E_S1_DONE              diff = 0.000022604
85012.283574598 MEMLOG_E_S1_RUN               diff = 0.000000312
85012.310867688 MEMLOG_E_WCET_START           diff = 0.027293090
85012.319105598 MEMLOG_E_ADATA                diff = 0.008237910 data:0
85012.319128515 MEMLOG_E_S1_DONE              diff = 0.000022917
85012.319128827 MEMLOG_E_S1_RUN               diff = 0.000000312
85012.343126575 MEMLOG_E_WCET_START           diff = 0.023997748
85012.351439746 MEMLOG_E_ADATA                diff = 0.008313171 data:0
85012.351461569 MEMLOG_E_S1_DONE              diff = 0.000021823
85012.351461829 MEMLOG_E_S1_RUN               diff = 0.000000260
85012.375258433 MEMLOG_E_WCET_START           diff = 0.023796604
85012.383525823 MEMLOG_E_ADATA                diff = 0.008267390 data:0
85012.383547437 MEMLOG_E_S1_DONE              diff = 0.000021614
85012.383547750 MEMLOG_E_S1_RUN               diff = 0.000000313
85012.410922349 MEMLOG_E_WCET_START           diff = 0.027374599
85012.419137083 MEMLOG_E_ADATA                diff = 0.008214734 data:0
85012.419163697 MEMLOG_E_S1_DONE              diff = 0.000026614
85012.419164062 MEMLOG_E_S1_RUN               diff = 0.000000365
85012.443087696 MEMLOG_E_WCET_START           diff = 0.023923634
85012.451380033 MEMLOG_E_ADATA                diff = 0.008292337 data:0
85012.451402377 MEMLOG_E_S1_DONE              diff = 0.000022344
85012.451403158 MEMLOG_E_S1_RUN               diff = 0.000000781
85012.475227366 MEMLOG_E_WCET_START           diff = 0.023824208
85012.483494547 MEMLOG_E_ADATA                diff = 0.008267181 data:112
85012.483519651 MEMLOG_E_S1_DONE              diff = 0.000025104
85012.483519859 MEMLOG_E_S1_RUN               diff = 0.000000208
85012.510891854 MEMLOG_E_WCET_START           diff = 0.027371995
85012.519116276 MEMLOG_E_ADATA                diff = 0.008224422 data:349
85012.519142057 MEMLOG_E_S1_DONE              diff = 0.000025781
85012.519142526 MEMLOG_E_S1_RUN               diff = 0.000000469
85012.543104909 MEMLOG_E_WCET_START           diff = 0.023962383
85012.551401309 MEMLOG_E_ADATA                diff = 0.008296400 data:0
85012.551428549 MEMLOG_E_S1_DONE              diff = 0.000027240
85012.551428861 MEMLOG_E_S1_RUN               diff = 0.000000312
85012.575228798 MEMLOG_E_WCET_START           diff = 0.023799937
85012.583537333 MEMLOG_E_ADATA                diff = 0.008308535 data:0
85012.583560823 MEMLOG_E_S1_DONE              diff = 0.000023490
85012.583561083 MEMLOG_E_S1_RUN               diff = 0.000000260
85012.610889224 MEMLOG_E_WCET_START           diff = 0.027328141
85012.619122656 MEMLOG_E_ADATA                diff = 0.008233432 data:0
85012.619144323 MEMLOG_E_S1_DONE              diff = 0.000021667
85012.619144635 MEMLOG_E_S1_RUN               diff = 0.000000312
85012.643080873 MEMLOG_E_WCET_START           diff = 0.023936238
85012.651370450 MEMLOG_E_ADATA                diff = 0.008289577 data:0
85012.651394825 MEMLOG_E_S1_DONE              diff = 0.000024375
85012.651395085 MEMLOG_E_S1_RUN               diff = 0.000000260
85012.675210439 MEMLOG_E_WCET_START           diff = 0.023815354
85012.683499860 MEMLOG_E_ADATA                diff = 0.008289421 data:0
85012.683521370 MEMLOG_E_S1_DONE              diff = 0.000021510
85012.683521630 MEMLOG_E_S1_RUN               diff = 0.000000260
85012.710888990 MEMLOG_E_WCET_START           diff = 0.027367360
85012.719134036 MEMLOG_E_ADATA                diff = 0.008245046 data:0
85012.719159974 MEMLOG_E_S1_DONE              diff = 0.000025938
85012.719160182 MEMLOG_E_S1_RUN               diff = 0.000000208
85012.743192305 MEMLOG_E_WCET_START           diff = 0.024032123
85012.762385191 MEMLOG_E_ADATA                diff = 0.019192886 data:0
85012.762418107 MEMLOG_E_S1_DONE              diff = 0.000032916
85012.762418732 MEMLOG_E_S1_RUN               diff = 0.000000625
85012.775383016 MEMLOG_E_WCET_START           diff = 0.012964284
85012.794551215 MEMLOG_E_ADATA                diff = 0.019168199 data:0
85012.794580954 MEMLOG_E_S1_DONE              diff = 0.000029739
85012.794581475 MEMLOG_E_S1_RUN               diff = 0.000000521
85012.810956412 MEMLOG_E_WCET_START           diff = 0.016374937
85012.830217891 MEMLOG_E_ADATA                diff = 0.019261479 data:0
85012.830252318 MEMLOG_E_S1_DONE              diff = 0.000034427
85012.830252786 MEMLOG_E_S1_RUN               diff = 0.000000468
85012.843195404 MEMLOG_E_WCET_START           diff = 0.012942618
85012.862327561 MEMLOG_E_ADATA                diff = 0.019132157 data:0
85012.862355634 MEMLOG_E_S1_DONE              diff = 0.000028073
85012.862356050 MEMLOG_E_S1_RUN               diff = 0.000000416
85012.875371844 MEMLOG_E_WCET_START           diff = 0.013015794
85012.894515981 MEMLOG_E_ADATA                diff = 0.019144137 data:0
85012.894548480 MEMLOG_E_S1_DONE              diff = 0.000032499
85012.894549001 MEMLOG_E_S1_RUN               diff = 0.000000521
85012.910965813 MEMLOG_E_WCET_START           diff = 0.016416812
85012.930286094 MEMLOG_E_ADATA                diff = 0.019320281 data:0
85012.930315625 MEMLOG_E_S1_DONE              diff = 0.000029531
85012.930316146 MEMLOG_E_S1_RUN               diff = 0.000000521
85012.943023712 MEMLOG_E_WCET_START           diff = 0.012707566
85012.951329904 MEMLOG_E_ADATA                diff = 0.008306192 data:0
85012.951355268 MEMLOG_E_S1_DONE              diff = 0.000025364
85012.951355477 MEMLOG_E_S1_RUN               diff = 0.000000209
85012.975188070 MEMLOG_E_WCET_START           diff = 0.023832593
85012.983462022 MEMLOG_E_ADATA                diff = 0.008273952 data:0
85012.983484782 MEMLOG_E_S1_DONE              diff = 0.000022760
85012.983485043 MEMLOG_E_S1_RUN               diff = 0.000000261
85013.010873965 MEMLOG_E_WCET_START           diff = 0.027388922
85013.019123959 MEMLOG_E_ADATA                diff = 0.008249994 data:0
85013.019146615 MEMLOG_E_S1_DONE              diff = 0.000022656
85013.019146927 MEMLOG_E_S1_RUN               diff = 0.000000312
85013.043041186 MEMLOG_E_WCET_START           diff = 0.023894259
85013.051323420 MEMLOG_E_ADATA                diff = 0.008282234 data:0
85013.051347743 MEMLOG_E_S1_DONE              diff = 0.000024323
85013.051348055 MEMLOG_E_S1_RUN               diff = 0.000000312
85013.075198513 MEMLOG_E_WCET_START           diff = 0.023850458
85013.083470590 MEMLOG_E_ADATA                diff = 0.008272077 data:0
85013.083494496 MEMLOG_E_S1_DONE              diff = 0.000023906
85013.083494756 MEMLOG_E_S1_RUN               diff = 0.000000260
85013.110852637 MEMLOG_E_WCET_START           diff = 0.027357881
85013.119082631 MEMLOG_E_ADATA                diff = 0.008229994 data:0
85013.119105339 MEMLOG_E_S1_DONE              diff = 0.000022708
85013.119105704 MEMLOG_E_S1_RUN               diff = 0.000000365
85013.143074806 MEMLOG_E_WCET_START           diff = 0.023969102
85013.151391258 MEMLOG_E_ADATA                diff = 0.008316452 data:0
85013.151413550 MEMLOG_E_S1_DONE              diff = 0.000022292
85013.151413862 MEMLOG_E_S1_RUN               diff = 0.000000312
85013.175183435 MEMLOG_E_WCET_START           diff = 0.023769573
85013.183457804 MEMLOG_E_ADATA                diff = 0.008274369 data:0
85013.183482074 MEMLOG_E_S1_DONE              diff = 0.000024270
85013.183482335 MEMLOG_E_S1_RUN               diff = 0.000000261
85013.210884277 MEMLOG_E_WCET_START           diff = 0.027401942
85013.219108803 MEMLOG_E_ADATA                diff = 0.008224526 data:0
85013.219134532 MEMLOG_E_S1_DONE              diff = 0.000025729
85013.219134688 MEMLOG_E_S1_RUN               diff = 0.000000156
85013.243045874 MEMLOG_E_WCET_START           diff = 0.023911186
85013.251345660 MEMLOG_E_ADATA                diff = 0.008299786 data:0
85013.251369149 MEMLOG_E_S1_DONE              diff = 0.000023489
85013.251369410 MEMLOG_E_S1_RUN               diff = 0.000000261
85013.275184346 MEMLOG_E_WCET_START           diff = 0.023814936
85013.283463611 MEMLOG_E_ADATA                diff = 0.008279265 data:0
85013.283486007 MEMLOG_E_S1_DONE              diff = 0.000022396
85013.283487413 MEMLOG_E_S1_RUN               diff = 0.000001406
85013.310839096 MEMLOG_E_WCET_START           diff = 0.027351683
85013.319072007 MEMLOG_E_ADATA                diff = 0.008232911 data:0
85013.319091902 MEMLOG_E_S1_DONE              diff = 0.000019895
85013.319092059 MEMLOG_E_S1_RUN               diff = 0.000000157
85013.343061109 MEMLOG_E_WCET_START           diff = 0.023969050
85013.351367509 MEMLOG_E_ADATA                diff = 0.008306400 data:0
85013.351392092 MEMLOG_E_S1_DONE              diff = 0.000024583
85013.351392352 MEMLOG_E_S1_RUN               diff = 0.000000260
85013.375182237 MEMLOG_E_WCET_START           diff = 0.023789885
85013.383479991 MEMLOG_E_ADATA                diff = 0.008297754 data:0
85013.383504210 MEMLOG_E_S1_DONE              diff = 0.000024219
85013.383504366 MEMLOG_E_S1_RUN               diff = 0.000000156
85013.410845841 MEMLOG_E_WCET_START           diff = 0.027341475
85013.419078127 MEMLOG_E_ADATA                diff = 0.008232286 data:0
85013.419098856 MEMLOG_E_S1_DONE              diff = 0.000020729
85013.419099012 MEMLOG_E_S1_RUN               diff = 0.000000156
85013.443038739 MEMLOG_E_WCET_START           diff = 0.023939727
85013.451353420 MEMLOG_E_ADATA                diff = 0.008314681 data:0
85013.451376806 MEMLOG_E_S1_DONE              diff = 0.000023386
85013.451377014 MEMLOG_E_S1_RUN               diff = 0.000000208
85013.475172003 MEMLOG_E_WCET_START           diff = 0.023794989
85013.483458768 MEMLOG_E_ADATA                diff = 0.008286765 data:54
85013.483481580 MEMLOG_E_S1_DONE              diff = 0.000022812
85013.483481840 MEMLOG_E_S1_RUN               diff = 0.000000260
85013.510843263 MEMLOG_E_WCET_START           diff = 0.027361423
85013.519090653 MEMLOG_E_ADATA                diff = 0.008247390 data:407
85013.519115288 MEMLOG_E_S1_DONE              diff = 0.000024635
85013.519115809 MEMLOG_E_S1_RUN               diff = 0.000000521
85013.543012255 MEMLOG_E_WCET_START           diff = 0.023896446
85013.551300791 MEMLOG_E_ADATA                diff = 0.008288536 data:0
85013.551325687 MEMLOG_E_S1_DONE              diff = 0.000024896
85013.551325947 MEMLOG_E_S1_RUN               diff = 0.000000260
85013.575173436 MEMLOG_E_WCET_START           diff = 0.023847489
85013.583439836 MEMLOG_E_ADATA                diff = 0.008266400 data:0
85013.583461190 MEMLOG_E_S1_DONE              diff = 0.000021354
85013.583461606 MEMLOG_E_S1_RUN               diff = 0.000000416
85013.610812195 MEMLOG_E_WCET_START           diff = 0.027350589
85013.619040419 MEMLOG_E_ADATA                diff = 0.008228224 data:0
85013.619060627 MEMLOG_E_S1_DONE              diff = 0.000020208
85013.619060835 MEMLOG_E_S1_RUN               diff = 0.000000208
85013.643136239 MEMLOG_E_WCET_START           diff = 0.024075404
85013.661227674 MEMLOG_E_ADATA                diff = 0.018091435 data:0
85013.661259705 MEMLOG_E_S1_DONE              diff = 0.000032031
85013.661260226 MEMLOG_E_S1_RUN               diff = 0.000000521
85013.675317002 MEMLOG_E_WCET_START           diff = 0.014056776
85013.694466555 MEMLOG_E_ADATA                diff = 0.019149553 data:0
85013.694497857 MEMLOG_E_S1_DONE              diff = 0.000031302
85013.694498274 MEMLOG_E_S1_RUN               diff = 0.000000417
85013.710923575 MEMLOG_E_WCET_START           diff = 0.016425301
85013.730088180 MEMLOG_E_ADATA                diff = 0.019164605 data:0
85013.730121982 MEMLOG_E_S1_DONE              diff = 0.000033802
85013.730122659 MEMLOG_E_S1_RUN               diff = 0.000000677
85013.743201734 MEMLOG_E_WCET_START           diff = 0.013079075
85013.752705677 MEMLOG_E_ADATA                diff = 0.009503943 data:0
85013.752731354 MEMLOG_E_S1_DONE              diff = 0.000025677
85013.752731667 MEMLOG_E_S1_RUN               diff = 0.000000313
85013.775132967 MEMLOG_E_WCET_START           diff = 0.022401300
85013.783428482 MEMLOG_E_ADATA                diff = 0.008295515 data:0
85013.783451919 MEMLOG_E_S1_DONE              diff = 0.000023437
85013.783452180 MEMLOG_E_S1_RUN               diff = 0.000000261
85013.810824383 MEMLOG_E_WCET_START           diff = 0.027372203
85013.819058023 MEMLOG_E_ADATA                diff = 0.008233640 data:0
85013.819079065 MEMLOG_E_S1_DONE              diff = 0.000021042
85013.819079221 MEMLOG_E_S1_RUN               diff = 0.000000156
85013.843010980 MEMLOG_E_WCET_START           diff = 0.023931759
85013.851313005 MEMLOG_E_ADATA                diff = 0.008302025 data:0
85013.851336130 MEMLOG_E_S1_DONE              diff = 0.000023125
85013.851336442 MEMLOG_E_S1_RUN               diff = 0.000000312
85013.875140025 MEMLOG_E_WCET_START           diff = 0.023803583
85013.883403613 MEMLOG_E_ADATA                diff = 0.008263588 data:0
85013.883428352 MEMLOG_E_S1_DONE              diff = 0.000024739
85013.883428769 MEMLOG_E_S1_RUN               diff = 0.000000417
85013.910807899 MEMLOG_E_WCET_START           diff = 0.027379130
85013.919035237 MEMLOG_E_ADATA                diff = 0.008227338 data:0
85013.919058310 MEMLOG_E_S1_DONE              diff = 0.000023073
85013.919058727 MEMLOG_E_S1_RUN               diff = 0.000000417
85013.943009027 MEMLOG_E_WCET_START           diff = 0.023950300
85013.951331781 MEMLOG_E_ADATA                diff = 0.008322754 data:0
85013.951355531 MEMLOG_E_S1_DONE              diff = 0.000023750
85013.951355791 MEMLOG_E_S1_RUN               diff = 0.000000260
85013.975140832 MEMLOG_E_WCET_START           diff = 0.023785041
85013.983417910 MEMLOG_E_ADATA                diff = 0.008277078 data:0
85013.983441087 MEMLOG_E_S1_DONE              diff = 0.000023177
85013.983441347 MEMLOG_E_S1_RUN               diff = 0.000000260
85014.010833863 MEMLOG_E_WCET_START           diff = 0.027392516
85014.019053753 MEMLOG_E_ADATA                diff = 0.008219890 data:0
85014.019076305 MEMLOG_E_S1_DONE              diff = 0.000022552
85014.019076461 MEMLOG_E_S1_RUN               diff = 0.000000156
85014.042999470 MEMLOG_E_WCET_START           diff = 0.023923009
85014.051662326 MEMLOG_E_ADATA                diff = 0.008662856 data:0
85014.051688367 MEMLOG_E_S1_DONE              diff = 0.000026041
85014.051688680 MEMLOG_E_S1_RUN               diff = 0.000000313
85014.075123567 MEMLOG_E_WCET_START           diff = 0.023434887
85014.083418248 MEMLOG_E_ADATA                diff = 0.008294681 data:0
85014.083442311 MEMLOG_E_S1_DONE              diff = 0.000024063
85014.083442571 MEMLOG_E_S1_RUN               diff = 0.000000260
85014.110811806 MEMLOG_E_WCET_START           diff = 0.027369235
85014.119035394 MEMLOG_E_ADATA                diff = 0.008223588 data:0
85014.119054873 MEMLOG_E_S1_DONE              diff = 0.000019479
85014.119055029 MEMLOG_E_S1_RUN               diff = 0.000000156
85014.142988871 MEMLOG_E_WCET_START           diff = 0.023933842
85014.151461260 MEMLOG_E_ADATA                diff = 0.008472389 data:0
85014.151489437 MEMLOG_E_S1_DONE              diff = 0.000028177
85014.151489749 MEMLOG_E_S1_RUN               diff = 0.000000312
85014.175124635 MEMLOG_E_WCET_START           diff = 0.023634886
85014.183390358 MEMLOG_E_ADATA                diff = 0.008265723 data:0
85014.183415098 MEMLOG_E_S1_DONE              diff = 0.000024740
85014.183415723 MEMLOG_E_S1_RUN               diff = 0.000000625
85014.210803134 MEMLOG_E_WCET_START           diff = 0.027387411
85014.219042503 MEMLOG_E_ADATA                diff = 0.008239369 data:0
85014.219064014 MEMLOG_E_S1_DONE              diff = 0.000021511
85014.219064430 MEMLOG_E_S1_RUN               diff = 0.000000416
85014.242978325 MEMLOG_E_WCET_START           diff = 0.023913895
85014.251284360 MEMLOG_E_ADATA                diff = 0.008306035 data:0
85014.251307173 MEMLOG_E_S1_DONE              diff = 0.000022813
85014.251307433 MEMLOG_E_S1_RUN               diff = 0.000000260
85014.275123047 MEMLOG_E_WCET_START           diff = 0.023815614
85014.283416374 MEMLOG_E_ADATA                diff = 0.008293327 data:0
85014.283438978 MEMLOG_E_S1_DONE              diff = 0.000022604
85014.283439134 MEMLOG_E_S1_RUN               diff = 0.000000156
85014.310822275 MEMLOG_E_WCET_START           diff = 0.027383141
85014.319070707 MEMLOG_E_ADATA                diff = 0.008248432 data:0
85014.319090707 MEMLOG_E_S1_DONE              diff = 0.000020000
85014.319090863 MEMLOG_E_S1_RUN               diff = 0.000000156
85014.342977049 MEMLOG_E_WCET_START           diff = 0.023886186
85014.351300741 MEMLOG_E_ADATA                diff = 0.008323692 data:0
85014.351323345 MEMLOG_E_S1_DONE              diff = 0.000022604
85014.351323657 MEMLOG_E_S1_RUN               diff = 0.000000312
85014.375112396 MEMLOG_E_WCET_START           diff = 0.023788739
85014.383394682 MEMLOG_E_ADATA                diff = 0.008282286 data:0
85014.383417650 MEMLOG_E_S1_DONE              diff = 0.000022968
85014.383417859 MEMLOG_E_S1_RUN               diff = 0.000000209
85014.410771312 MEMLOG_E_WCET_START           diff = 0.027353453
85014.418998233 MEMLOG_E_ADATA                diff = 0.008226921 data:0
85014.419022087 MEMLOG_E_S1_DONE              diff = 0.000023854
85014.419022556 MEMLOG_E_S1_RUN               diff = 0.000000469
85014.442999627 MEMLOG_E_WCET_START           diff = 0.023977071
85014.451393266 MEMLOG_E_ADATA                diff = 0.008393639 data:0
85014.451419151 MEMLOG_E_S1_DONE              diff = 0.000025885
85014.451419412 MEMLOG_E_S1_RUN               diff = 0.000000261
85014.475255442 MEMLOG_E_WCET_START           diff = 0.023836030
85014.494408693 MEMLOG_E_ADATA                diff = 0.019153251 data:29
85014.494442234 MEMLOG_E_S1_DONE              diff = 0.000033541
85014.494442703 MEMLOG_E_S1_RUN               diff = 0.000000469
85014.510859411 MEMLOG_E_WCET_START           diff = 0.016416708
85014.529971985 MEMLOG_E_ADATA                diff = 0.019112574 data:393
85014.530052661 MEMLOG_E_S1_DONE              diff = 0.000080676
85014.530053286 MEMLOG_E_S1_RUN               diff = 0.000000625
85014.543059653 MEMLOG_E_WCET_START           diff = 0.013006367
85014.562606912 MEMLOG_E_ADATA                diff = 0.019547259 data:0
85014.562643422 MEMLOG_E_S1_DONE              diff = 0.000036510
85014.562644047 MEMLOG_E_S1_RUN               diff = 0.000000625
85014.575243125 MEMLOG_E_WCET_START           diff = 0.012599078
85014.594376844 MEMLOG_E_ADATA                diff = 0.019133719 data:0
85014.594412469 MEMLOG_E_S1_DONE              diff = 0.000035625
85014.594412834 MEMLOG_E_S1_RUN               diff = 0.000000365
85014.610829021 MEMLOG_E_WCET_START           diff = 0.016416187
85014.629928990 MEMLOG_E_ADATA                diff = 0.019099969 data:0
85014.629958313 MEMLOG_E_S1_DONE              diff = 0.000029323
85014.629958782 MEMLOG_E_S1_RUN               diff = 0.000000469
85014.643061086 MEMLOG_E_WCET_START           diff = 0.013102304
85014.662088035 MEMLOG_E_ADATA                diff = 0.019026949 data:0
85014.662134702 MEMLOG_E_S1_DONE              diff = 0.000046667
85014.662134910 MEMLOG_E_S1_RUN               diff = 0.000000208
85014.675107162 MEMLOG_E_WCET_START           diff = 0.012972252
85014.683402677 MEMLOG_E_ADATA                diff = 0.008295515 data:0
85014.683430541 MEMLOG_E_S1_DONE              diff = 0.000027864
85014.683430802 MEMLOG_E_S1_RUN               diff = 0.000000261
85014.710775766 MEMLOG_E_WCET_START           diff = 0.027344964
85014.718998833 MEMLOG_E_ADATA                diff = 0.008223067 data:0
85014.719020604 MEMLOG_E_S1_DONE              diff = 0.000021771
85014.719021489 MEMLOG_E_S1_RUN               diff = 0.000000885
85014.742963769 MEMLOG_E_WCET_START           diff = 0.023942280
85014.751283242 MEMLOG_E_ADATA                diff = 0.008319473 data:0
85014.751307304 MEMLOG_E_S1_DONE              diff = 0.000024062
85014.751307564 MEMLOG_E_S1_RUN               diff = 0.000000260
85014.775137814 MEMLOG_E_WCET_START           diff = 0.023830250
85014.783448693 MEMLOG_E_ADATA                diff = 0.008310879 data:0
85014.783472599 MEMLOG_E_S1_DONE              diff = 0.000023906
85014.783472859 MEMLOG_E_S1_RUN               diff = 0.000000260
85014.810759959 MEMLOG_E_WCET_START           diff = 0.027287100
85014.818994172 MEMLOG_E_ADATA                diff = 0.008234213 data:0
85014.819021932 MEMLOG_E_S1_DONE              diff = 0.000027760
85014.819022141 MEMLOG_E_S1_RUN               diff = 0.000000209
85014.842958795 MEMLOG_E_WCET_START           diff = 0.023936654
85014.851287539 MEMLOG_E_ADATA                diff = 0.008328744 data:0
85014.851309309 MEMLOG_E_S1_DONE              diff = 0.000021770
85014.851309518 MEMLOG_E_S1_RUN               diff = 0.000000209
85014.875130652 MEMLOG_E_WCET_START           diff = 0.023821134
85014.883406115 MEMLOG_E_ADATA                diff = 0.008275463 data:0
85014.883428511 MEMLOG_E_S1_DONE              diff = 0.000022396
85014.883428771 MEMLOG_E_S1_RUN               diff = 0.000000260
85014.910758735 MEMLOG_E_WCET_START           diff = 0.027329964
85014.919023261 MEMLOG_E_ADATA                diff = 0.008264526 data:0
85014.919045604 MEMLOG_E_S1_DONE              diff = 0.000022343
85014.919045969 MEMLOG_E_S1_RUN               diff = 0.000000365
85014.942950905 MEMLOG_E_WCET_START           diff = 0.023904936
85014.951249076 MEMLOG_E_ADATA                diff = 0.008298171 data:0
85014.951273815 MEMLOG_E_S1_DONE              diff = 0.000024739
85014.951274076 MEMLOG_E_S1_RUN               diff = 0.000000261
85014.975159481 MEMLOG_E_WCET_START           diff = 0.023885405
85014.983434006 MEMLOG_E_ADATA                diff = 0.008274525 data:0
85014.983455672 MEMLOG_E_S1_DONE              diff = 0.000021666
85014.983455933 MEMLOG_E_S1_RUN               diff = 0.000000261
85015.010767616 MEMLOG_E_WCET_START           diff = 0.027311683
85015.018998391 MEMLOG_E_ADATA                diff = 0.008230775 data:0
85015.019023131 MEMLOG_E_S1_DONE              diff = 0.000024740
85015.019023599 MEMLOG_E_S1_RUN               diff = 0.000000468
85015.042946140 MEMLOG_E_WCET_START           diff = 0.023922541
85015.051293998 MEMLOG_E_ADATA                diff = 0.008347858 data:0
85015.051317539 MEMLOG_E_S1_DONE              diff = 0.000023541
85015.051317747 MEMLOG_E_S1_RUN               diff = 0.000000208
85015.075133049 MEMLOG_E_WCET_START           diff = 0.023815302
85015.083421532 MEMLOG_E_ADATA                diff = 0.008288483 data:0
85015.083444032 MEMLOG_E_S1_DONE              diff = 0.000022500
85015.083445282 MEMLOG_E_S1_RUN               diff = 0.000001250
85015.110770194 MEMLOG_E_WCET_START           diff = 0.027324912
85015.118991022 MEMLOG_E_ADATA                diff = 0.008220828 data:0
85015.119009980 MEMLOG_E_S1_DONE              diff = 0.000018958
85015.119010449 MEMLOG_E_S1_RUN               diff = 0.000000469
85015.142938666 MEMLOG_E_WCET_START           diff = 0.023928217
85015.151256107 MEMLOG_E_ADATA                diff = 0.008317441 data:0
85015.151282826 MEMLOG_E_S1_DONE              diff = 0.000026719
85015.151283086 MEMLOG_E_S1_RUN               diff = 0.000000260
85015.175142137 MEMLOG_E_WCET_START           diff = 0.023859051
85015.183422183 MEMLOG_E_ADATA                diff = 0.008280046 data:0
85015.183444996 MEMLOG_E_S1_DONE              diff = 0.000022813
85015.183445308 MEMLOG_E_S1_RUN               diff = 0.000000312
85015.210717981 MEMLOG_E_WCET_START           diff = 0.027272673
85015.218945840 MEMLOG_E_ADATA                diff = 0.008227859 data:0
85015.218965527 MEMLOG_E_S1_DONE              diff = 0.000019687
85015.218965840 MEMLOG_E_S1_RUN               diff = 0.000000313
85015.242954682 MEMLOG_E_WCET_START           diff = 0.023988842
85015.251284675 MEMLOG_E_ADATA                diff = 0.008329993 data:0
85015.251309050 MEMLOG_E_S1_DONE              diff = 0.000024375
85015.251309310 MEMLOG_E_S1_RUN               diff = 0.000000260
85015.275108831 MEMLOG_E_WCET_START           diff = 0.023799521
85015.283388408 MEMLOG_E_ADATA                diff = 0.008279577 data:0
85015.283413564 MEMLOG_E_S1_DONE              diff = 0.000025156
85015.283413877 MEMLOG_E_S1_RUN               diff = 0.000000313
85015.310741757 MEMLOG_E_WCET_START           diff = 0.027327880
85015.318962793 MEMLOG_E_ADATA                diff = 0.008221036 data:0
85015.318986179 MEMLOG_E_S1_DONE              diff = 0.000023386
85015.318986491 MEMLOG_E_S1_RUN               diff = 0.000000312
85015.342930646 MEMLOG_E_WCET_START           diff = 0.023944155
85015.351229546 MEMLOG_E_ADATA                diff = 0.008298900 data:0
85015.351252254 MEMLOG_E_S1_DONE              diff = 0.000022708
85015.351252462 MEMLOG_E_S1_RUN               diff = 0.000000208
85015.375168961 MEMLOG_E_WCET_START           diff = 0.023916499
85015.393190136 MEMLOG_E_ADATA                diff = 0.018021175 data:0
85015.393224146 MEMLOG_E_S1_DONE              diff = 0.000034010
85015.393224719 MEMLOG_E_S1_RUN               diff = 0.000000573
85015.410769440 MEMLOG_E_WCET_START           diff = 0.017544721
85015.429907170 MEMLOG_E_ADATA                diff = 0.019137730 data:0
85015.429936857 MEMLOG_E_S1_DONE              diff = 0.000029687
85015.429937482 MEMLOG_E_S1_RUN               diff = 0.000000625
85015.442988692 MEMLOG_E_WCET_START           diff = 0.013051210
85015.462155745 MEMLOG_E_ADATA                diff = 0.019167053 data:0
85015.462186162 MEMLOG_E_S1_DONE              diff = 0.000030417
85015.462186630 MEMLOG_E_S1_RUN               diff = 0.000000468
85015.475349403 MEMLOG_E_WCET_START           diff = 0.013162773
85015.484633660 MEMLOG_E_ADATA                diff = 0.009284257 data:7
85015.484659910 MEMLOG_E_S1_DONE              diff = 0.000026250
85015.484660223 MEMLOG_E_S1_RUN               diff = 0.000000313
85015.510719623 MEMLOG_E_WCET_START           diff = 0.026059400
85015.518980919 MEMLOG_E_ADATA                diff = 0.008261296 data:411
85015.519004408 MEMLOG_E_S1_DONE              diff = 0.000023489
85015.519004564 MEMLOG_E_S1_RUN               diff = 0.000000156
85015.542906584 MEMLOG_E_WCET_START           diff = 0.023902020
85015.551201630 MEMLOG_E_ADATA                diff = 0.008295046 data:2
85015.551226838 MEMLOG_E_S1_DONE              diff = 0.000025208
85015.551227307 MEMLOG_E_S1_RUN               diff = 0.000000469
85015.575102920 MEMLOG_E_WCET_START           diff = 0.023875613
85015.583349529 MEMLOG_E_ADATA                diff = 0.008246609 data:0
85015.583372445 MEMLOG_E_S1_DONE              diff = 0.000022916
85015.583372758 MEMLOG_E_S1_RUN               diff = 0.000000313
85015.610724441 MEMLOG_E_WCET_START           diff = 0.027351683
85015.618975945 MEMLOG_E_ADATA                diff = 0.008251504 data:0
85015.618996518 MEMLOG_E_S1_DONE              diff = 0.000020573
85015.618996622 MEMLOG_E_S1_RUN               diff = 0.000000104
85015.642890517 MEMLOG_E_WCET_START           diff = 0.023893895
85015.651186031 MEMLOG_E_ADATA                diff = 0.008295514 data:0
85015.651208167 MEMLOG_E_S1_DONE              diff = 0.000022136
85015.651208375 MEMLOG_E_S1_RUN               diff = 0.000000208
85015.675115603 MEMLOG_E_WCET_START           diff = 0.023907228
85015.683408878 MEMLOG_E_ADATA                diff = 0.008293275 data:0
85015.683429815 MEMLOG_E_S1_DONE              diff = 0.000020937
85015.683430128 MEMLOG_E_S1_RUN               diff = 0.000000313
85015.710704832 MEMLOG_E_WCET_START           diff = 0.027274704
85015.718951128 MEMLOG_E_ADATA                diff = 0.008246296 data:0
85015.718972586 MEMLOG_E_S1_DONE              diff = 0.000021458
85015.718972899 MEMLOG_E_S1_RUN               diff = 0.000000313
85015.742921949 MEMLOG_E_WCET_START           diff = 0.023949050
85015.751222724 MEMLOG_E_ADATA                diff = 0.008300775 data:0
85015.751245797 MEMLOG_E_S1_DONE              diff = 0.000023073
85015.751246161 MEMLOG_E_S1_RUN               diff = 0.000000364
85015.775114692 MEMLOG_E_WCET_START           diff = 0.023868531
85015.783399373 MEMLOG_E_ADATA                diff = 0.008284681 data:0
85015.783423539 MEMLOG_E_S1_DONE              diff = 0.000024166
85015.783423800 MEMLOG_E_S1_RUN               diff = 0.000000261
85015.810736472 MEMLOG_E_WCET_START           diff = 0.027312672
85015.818950998 MEMLOG_E_ADATA                diff = 0.008214526 data:0
85015.818974435 MEMLOG_E_S1_DONE              diff = 0.000023437
85015.818974592 MEMLOG_E_S1_RUN               diff = 0.000000157
85015.842887757 MEMLOG_E_WCET_START           diff = 0.023913165
85015.851170824 MEMLOG_E_ADATA                diff = 0.008283067 data:0
85015.851195615 MEMLOG_E_S1_DONE              diff = 0.000024791
85015.851195823 MEMLOG_E_S1_RUN               diff = 0.000000208
85015.875080187 MEMLOG_E_WCET_START           diff = 0.023884364
85015.883355493 MEMLOG_E_ADATA                diff = 0.008275306 data:0
85015.883378670 MEMLOG_E_S1_DONE              diff = 0.000023177
85015.883378879 MEMLOG_E_S1_RUN               diff = 0.000000209
85015.910705874 MEMLOG_E_WCET_START           diff = 0.027326995
85015.918949931 MEMLOG_E_ADATA                diff = 0.008244057 data:0
85015.918970660 MEMLOG_E_S1_DONE              diff = 0.000020729
85015.918971024 MEMLOG_E_S1_RUN               diff = 0.000000364
85015.942892523 MEMLOG_E_WCET_START           diff = 0.023921499
85015.951205746 MEMLOG_E_ADATA                diff = 0.008313223 data:0
85015.951231839 MEMLOG_E_S1_DONE              diff = 0.000026093
85015.951232152 MEMLOG_E_S1_RUN               diff = 0.000000313
85015.975105317 MEMLOG_E_WCET_START           diff = 0.023873165
85015.983389374 MEMLOG_E_ADATA                diff = 0.008284057 data:0
85015.983411978 MEMLOG_E_S1_DONE              diff = 0.000022604
85015.983412238 MEMLOG_E_S1_RUN               diff = 0.000000260
85016.010685953 MEMLOG_E_WCET_START           diff = 0.027273715
85016.018916416 MEMLOG_E_ADATA                diff = 0.008230463 data:0
85016.018938915 MEMLOG_E_S1_DONE              diff = 0.000022499
85016.018939072 MEMLOG_E_S1_RUN               diff = 0.000000157
85016.042876247 MEMLOG_E_WCET_START           diff = 0.023937175
85016.051168220 MEMLOG_E_ADATA                diff = 0.008291973 data:0
85016.051191397 MEMLOG_E_S1_DONE              diff = 0.000023177
85016.051191762 MEMLOG_E_S1_RUN               diff = 0.000000365
85016.075082167 MEMLOG_E_WCET_START           diff = 0.023890405
85016.083376744 MEMLOG_E_ADATA                diff = 0.008294577 data:0
85016.083401067 MEMLOG_E_S1_DONE              diff = 0.000024323
85016.083401327 MEMLOG_E_S1_RUN               diff = 0.000000260
85016.110699468 MEMLOG_E_WCET_START           diff = 0.027298141
85016.118936077 MEMLOG_E_ADATA                diff = 0.008236609 data:0
85016.118957223 MEMLOG_E_S1_DONE              diff = 0.000021146
85016.118957379 MEMLOG_E_S1_RUN               diff = 0.000000156
85016.142887523 MEMLOG_E_WCET_START           diff = 0.023930144
85016.151188194 MEMLOG_E_ADATA                diff = 0.008300671 data:0
85016.151210746 MEMLOG_E_S1_DONE              diff = 0.000022552
85016.151211007 MEMLOG_E_S1_RUN               diff = 0.000000261
85016.175055631 MEMLOG_E_WCET_START           diff = 0.023844624
85016.183317916 MEMLOG_E_ADATA                diff = 0.008262285 data:0
85016.183342864 MEMLOG_E_S1_DONE              diff = 0.000024948
85016.183343125 MEMLOG_E_S1_RUN               diff = 0.000000261
85016.207446549 MEMLOG_E_WCET_START           diff = 0.024103424
85016.226601571 MEMLOG_E_ADATA                diff = 0.019155022 data:0
85016.226632612 MEMLOG_E_S1_DONE              diff = 0.000031041
85016.226633185 MEMLOG_E_S1_RUN               diff = 0.000000573
85016.242947758 MEMLOG_E_WCET_START           diff = 0.016314573
85016.262139081 MEMLOG_E_ADATA                diff = 0.019191323 data:0
85016.262172362 MEMLOG_E_S1_DONE              diff = 0.000033281
85016.262173039 MEMLOG_E_S1_RUN               diff = 0.000000677
85016.275205864 MEMLOG_E_WCET_START           diff = 0.013032825
85016.294430938 MEMLOG_E_ADATA                diff = 0.019225074 data:0
85016.294460469 MEMLOG_E_S1_DONE              diff = 0.000029531
85016.294460989 MEMLOG_E_S1_RUN               diff = 0.000000520
85016.307415898 MEMLOG_E_WCET_START           diff = 0.012954909
85016.326570764 MEMLOG_E_ADATA                diff = 0.019154866 data:0
85016.326600191 MEMLOG_E_S1_DONE              diff = 0.000029427
85016.326600711 MEMLOG_E_S1_RUN               diff = 0.000000520
85016.342936222 MEMLOG_E_WCET_START           diff = 0.016335511
85016.362102181 MEMLOG_E_ADATA                diff = 0.019165959 data:0
85016.362130670 MEMLOG_E_S1_DONE              diff = 0.000028489
85016.362131035 MEMLOG_E_S1_RUN               diff = 0.000000365
85016.375187662 MEMLOG_E_WCET_START           diff = 0.013056627
85016.393031547 MEMLOG_E_ADATA                diff = 0.017843885 data:0
85016.393055349 MEMLOG_E_S1_DONE              diff = 0.000023802
85016.393055661 MEMLOG_E_S1_RUN               diff = 0.000000312
85016.407204572 MEMLOG_E_WCET_START           diff = 0.014148911
85016.415473733 MEMLOG_E_ADATA                diff = 0.008269161 data:0
85016.415501753 MEMLOG_E_S1_DONE              diff = 0.000028020
85016.415502066 MEMLOG_E_S1_RUN               diff = 0.000000313
85016.442864426 MEMLOG_E_WCET_START           diff = 0.027362360
85016.451157857 MEMLOG_E_ADATA                diff = 0.008293431 data:0
85016.451180773 MEMLOG_E_S1_DONE              diff = 0.000022916
85016.451181034 MEMLOG_E_S1_RUN               diff = 0.000000261
85016.475065918 MEMLOG_E_WCET_START           diff = 0.023884884
85016.483342631 MEMLOG_E_ADATA                diff = 0.008276713 data:3
85016.483365964 MEMLOG_E_S1_DONE              diff = 0.000023333
85016.483366381 MEMLOG_E_S1_RUN               diff = 0.000000417
85016.507221942 MEMLOG_E_WCET_START           diff = 0.023855561
85016.515476259 MEMLOG_E_ADATA                diff = 0.008254317 data:432
85016.515500009 MEMLOG_E_S1_DONE              diff = 0.000023750
85016.515500426 MEMLOG_E_S1_RUN               diff = 0.000000417
85016.542881848 MEMLOG_E_WCET_START           diff = 0.027381422
85016.551162519 MEMLOG_E_ADATA                diff = 0.008280671 data:0
85016.551186894 MEMLOG_E_S1_DONE              diff = 0.000024375
85016.551187206 MEMLOG_E_S1_RUN               diff = 0.000000312
85016.575068861 MEMLOG_E_WCET_START           diff = 0.023881655
85016.583339636 MEMLOG_E_ADATA                diff = 0.008270775 data:0
85016.583363647 MEMLOG_E_S1_DONE              diff = 0.000024011
85016.583363959 MEMLOG_E_S1_RUN               diff = 0.000000312
85016.607199364 MEMLOG_E_WCET_START           diff = 0.023835405
85016.615464463 MEMLOG_E_ADATA                diff = 0.008265099 data:0
85016.615487119 MEMLOG_E_S1_DONE              diff = 0.000022656
85016.615487379 MEMLOG_E_S1_RUN               diff = 0.000000260
85016.642832604 MEMLOG_E_WCET_START           diff = 0.027345225
85016.651134368 MEMLOG_E_ADATA                diff = 0.008301764 data:0
85016.651163847 MEMLOG_E_S1_DONE              diff = 0.000029479
85016.651164108 MEMLOG_E_S1_RUN               diff = 0.000000261
85016.675027482 MEMLOG_E_WCET_START           diff = 0.023863374
85016.683296486 MEMLOG_E_ADATA                diff = 0.008269004 data:0
85016.683320965 MEMLOG_E_S1_DONE              diff = 0.000024479
85016.683321277 MEMLOG_E_S1_RUN               diff = 0.000000312
85016.707205485 MEMLOG_E_WCET_START           diff = 0.023884208
85016.715479854 MEMLOG_E_ADATA                diff = 0.008274369 data:0
85016.715504489 MEMLOG_E_S1_DONE              diff = 0.000024635
85016.715504749 MEMLOG_E_S1_RUN               diff = 0.000000260
85016.742848255 MEMLOG_E_WCET_START           diff = 0.027343506
85016.751148353 MEMLOG_E_ADATA                diff = 0.008300098 data:0
85016.751171217 MEMLOG_E_S1_DONE              diff = 0.000022864
85016.751171478 MEMLOG_E_S1_RUN               diff = 0.000000261
85016.775044695 MEMLOG_E_WCET_START           diff = 0.023873217
85016.783325470 MEMLOG_E_ADATA                diff = 0.008280775 data:0
85016.783349324 MEMLOG_E_S1_DONE              diff = 0.000023854
85016.783349533 MEMLOG_E_S1_RUN               diff = 0.000000209
85016.807193949 MEMLOG_E_WCET_START           diff = 0.023844416
85016.815477224 MEMLOG_E_ADATA                diff = 0.008283275 data:0
85016.815499671 MEMLOG_E_S1_DONE              diff = 0.000022447
85016.815499984 MEMLOG_E_S1_RUN               diff = 0.000000313
85016.842838490 MEMLOG_E_WCET_START           diff = 0.027338506
85016.851113171 MEMLOG_E_ADATA                diff = 0.008274681 data:0
85016.851139421 MEMLOG_E_S1_DONE              diff = 0.000026250
85016.851139890 MEMLOG_E_S1_RUN               diff = 0.000000469
85016.875032586 MEMLOG_E_WCET_START           diff = 0.023892696
85016.883349767 MEMLOG_E_ADATA                diff = 0.008317181 data:0
85016.883373674 MEMLOG_E_S1_DONE              diff = 0.000023907
85016.883373934 MEMLOG_E_S1_RUN               diff = 0.000000260
85016.907180590 MEMLOG_E_WCET_START           diff = 0.023806656
85016.915457459 MEMLOG_E_ADATA                diff = 0.008276869 data:0
85016.915481156 MEMLOG_E_S1_DONE              diff = 0.000023697
85016.915481417 MEMLOG_E_S1_RUN               diff = 0.000000261
85016.942856068 MEMLOG_E_WCET_START           diff = 0.027374651
85016.951124864 MEMLOG_E_ADATA                diff = 0.008268796 data:0
85016.951151218 MEMLOG_E_S1_DONE              diff = 0.000026354
85016.951151583 MEMLOG_E_S1_RUN               diff = 0.000000365
85016.975044852 MEMLOG_E_WCET_START           diff = 0.023893269
85016.983315211 MEMLOG_E_ADATA                diff = 0.008270359 data:0
85016.983337606 MEMLOG_E_S1_DONE              diff = 0.000022395
85016.983337815 MEMLOG_E_S1_RUN               diff = 0.000000209
85017.007170043 MEMLOG_E_WCET_START           diff = 0.023832228
85017.015427589 MEMLOG_E_ADATA                diff = 0.008257546 data:0
85017.015449933 MEMLOG_E_S1_DONE              diff = 0.000022344
85017.015450245 MEMLOG_E_S1_RUN               diff = 0.000000312
85017.042823282 MEMLOG_E_WCET_START           diff = 0.027373037
85017.051108172 MEMLOG_E_ADATA                diff = 0.008284890 data:0
85017.051136349 MEMLOG_E_S1_DONE              diff = 0.000028177
85017.051136818 MEMLOG_E_S1_RUN               diff = 0.000000469
85017.075032222 MEMLOG_E_WCET_START           diff = 0.023895404
85017.083320446 MEMLOG_E_ADATA                diff = 0.008288224 data:0
85017.083344977 MEMLOG_E_S1_DONE              diff = 0.000024531
85017.083345289 MEMLOG_E_S1_RUN               diff = 0.000000312
85017.107230746 MEMLOG_E_WCET_START           diff = 0.023885457
85017.125263067 MEMLOG_E_ADATA                diff = 0.018032321 data:0
85017.125297442 MEMLOG_E_S1_DONE              diff = 0.000034375
85017.125297911 MEMLOG_E_S1_RUN               diff = 0.000000469
85017.142905339 MEMLOG_E_WCET_START           diff = 0.017607428
85017.162081767 MEMLOG_E_ADATA                diff = 0.019176428 data:0
85017.162112079 MEMLOG_E_S1_DONE              diff = 0.000030312
85017.162112548 MEMLOG_E_S1_RUN               diff = 0.000000469
85017.175136102 MEMLOG_E_WCET_START           diff = 0.013023554
85017.194287999 MEMLOG_E_ADATA                diff = 0.019151897 data:0
85017.194316436 MEMLOG_E_S1_DONE              diff = 0.000028437
85017.194316801 MEMLOG_E_S1_RUN               diff = 0.000000365
85017.207448896 MEMLOG_E_WCET_START           diff = 0.013132095
85017.216734820 MEMLOG_E_ADATA                diff = 0.009285924 data:0
85017.216765914 MEMLOG_E_S1_DONE              diff = 0.000031094
85017.216766331 MEMLOG_E_S1_RUN               diff = 0.000000417
85017.242829377 MEMLOG_E_WCET_START           diff = 0.026063046
85017.251137235 MEMLOG_E_ADATA                diff = 0.008307858 data:0
85017.251163224 MEMLOG_E_S1_DONE              diff = 0.000025989
85017.251163381 MEMLOG_E_S1_RUN               diff = 0.000000157
85017.275033213 MEMLOG_E_WCET_START           diff = 0.023869832
85017.283311019 MEMLOG_E_ADATA                diff = 0.008277806 data:0
85017.283335863 MEMLOG_E_S1_DONE              diff = 0.000024844
85017.283336123 MEMLOG_E_S1_RUN               diff = 0.000000260
85017.307146945 MEMLOG_E_WCET_START           diff = 0.023810822
85017.315381836 MEMLOG_E_ADATA                diff = 0.008234891 data:0
85017.315403085 MEMLOG_E_S1_DONE              diff = 0.000021249
85017.315403398 MEMLOG_E_S1_RUN               diff = 0.000000313
85017.342839768 MEMLOG_E_WCET_START           diff = 0.027436370
85017.351170022 MEMLOG_E_ADATA                diff = 0.008330254 data:0
85008.819342964 MEMLOG_E_S1_DONE              diff = -9.468172942 *not in order
85008.819343277 MEMLOG_E_S1_RUN               diff = 0.000000313
85008.843258421 MEMLOG_E_WCET_START           diff = 0.023915144
85008.851554509 MEMLOG_E_ADATA                diff = 0.008296088 data:0
85008.851579144 MEMLOG_E_S1_DONE              diff = 0.000024635
85008.851579404 MEMLOG_E_S1_RUN               diff = 0.000000260
85008.878906504 MEMLOG_E_WCET_START           diff = 0.027327100
85008.887188008 MEMLOG_E_ADATA                diff = 0.008281504 data:0
85008.887213164 MEMLOG_E_S1_DONE              diff = 0.000025156
85008.887213373 MEMLOG_E_S1_RUN               diff = 0.000000209
85008.911085184 MEMLOG_E_WCET_START           diff = 0.023871811
85008.919288772 MEMLOG_E_ADATA                diff = 0.008203588 data:0
85008.919310439 MEMLOG_E_S1_DONE              diff = 0.000021667
85008.919310751 MEMLOG_E_S1_RUN               diff = 0.000000312
85008.943250426 MEMLOG_E_WCET_START           diff = 0.023939675
85008.951551514 MEMLOG_E_ADATA                diff = 0.008301088 data:0
85008.951574691 MEMLOG_E_S1_DONE              diff = 0.000023177
85008.951574951 MEMLOG_E_S1_RUN               diff = 0.000000260
85008.978908926 MEMLOG_E_WCET_START           diff = 0.027333975
85008.987201784 MEMLOG_E_ADATA                diff = 0.008292858 data:0
85008.987225846 MEMLOG_E_S1_DONE              diff = 0.000024062
85008.987226107 MEMLOG_E_S1_RUN               diff = 0.000000261
85009.011082866 MEMLOG_E_WCET_START           diff = 0.023856759
85009.019319110 MEMLOG_E_ADATA                diff = 0.008236244 data:0
85009.019339787 MEMLOG_E_S1_DONE              diff = 0.000020677
85009.019340100 MEMLOG_E_S1_RUN               diff = 0.000000313
85009.043256286 MEMLOG_E_WCET_START           diff = 0.023916186
85009.051549405 MEMLOG_E_ADATA                diff = 0.008293119 data:0
85009.051575706 MEMLOG_E_S1_DONE              diff = 0.000026301
85009.051576019 MEMLOG_E_S1_RUN               diff = 0.000000313
85009.078880254 MEMLOG_E_WCET_START           diff = 0.027304235
85009.087169362 MEMLOG_E_ADATA                diff = 0.008289108 data:0
85009.087196602 MEMLOG_E_S1_DONE              diff = 0.000027240
85009.087196914 MEMLOG_E_S1_RUN               diff = 0.000000312
85009.111076746 MEMLOG_E_WCET_START           diff = 0.023879832
85009.119303459 MEMLOG_E_ADATA                diff = 0.008226713 data:0
85009.119325595 MEMLOG_E_S1_DONE              diff = 0.000022136
85009.119325959 MEMLOG_E_S1_RUN               diff = 0.000000364
85009.143236052 MEMLOG_E_WCET_START           diff = 0.023910093
85009.151546774 MEMLOG_E_ADATA                diff = 0.008310722 data:0
85009.151571462 MEMLOG_E_S1_DONE              diff = 0.000024688
85009.151571774 MEMLOG_E_S1_RUN               diff = 0.000000312
85009.178885228 MEMLOG_E_WCET_START           diff = 0.027313454
85009.187143868 MEMLOG_E_ADATA                diff = 0.008258640 data:0
85009.187168607 MEMLOG_E_S1_DONE              diff = 0.000024739
